[2026-03-20 16:14:42] TAXI DISPATCH START ride=19 limit=1
[2026-03-20 16:14:42] FIND NEAREST DRIVERS: lat=42.868039, lon=74.584923, limit=3, radius=5km
[2026-03-20 16:14:42] REDIS RESULTS: [(10, 0.9096), (62, 0.9255), (67, 0.9345)]
[2026-03-20 16:14:42] DRIVERS AFTER FILTER: [67]
[2026-03-20 16:14:42] WARNING: DRIVER 10 DID NOT PASS FILTER
[2026-03-20 16:14:42] WARNING: DRIVER 62 DID NOT PASS FILTER
[2026-03-20 16:14:42] DRIVER 67 PASSED FILTER, distance=0.9345km
[2026-03-20 16:14:42] TOTAL DRIVERS RETURNED: 1
[2026-03-20 16:14:42] TAXI TOTAL SENT: 1
[2026-03-20 16:14:42] NEW OFFER: {'type': 'new_offer', 'offer_kind': 'taxi', 'offer_id': 8, 'ride_id': 19}
[2026-03-20 16:14:54] TAXI DISPATCH START ride=19 limit=2
[2026-03-20 16:14:54] FIND NEAREST DRIVERS: lat=42.868039, lon=74.584923, limit=6, radius=5km
[2026-03-20 16:14:54] REDIS RESULTS: [(10, 0.9096), (62, 0.9255), (67, 0.9345)]
[2026-03-20 16:14:54] DRIVERS AFTER FILTER: [67]
[2026-03-20 16:14:54] WARNING: DRIVER 10 DID NOT PASS FILTER
[2026-03-20 16:14:54] WARNING: DRIVER 62 DID NOT PASS FILTER
[2026-03-20 16:14:54] DRIVER 67 PASSED FILTER, distance=0.9345km
[2026-03-20 16:14:54] TOTAL DRIVERS RETURNED: 1
[2026-03-20 16:14:54] TAXI TOTAL SENT: 0
[2026-03-20 16:14:54] TAXI DISPATCH START ride=19 limit=3
[2026-03-20 16:14:54] FIND NEAREST DRIVERS: lat=42.868039, lon=74.584923, limit=9, radius=5km
[2026-03-20 16:14:54] REDIS RESULTS: [(10, 0.9096), (62, 0.9255), (67, 0.9345)]
[2026-03-20 16:14:54] DRIVERS AFTER FILTER: [67]
[2026-03-20 16:14:54] WARNING: DRIVER 10 DID NOT PASS FILTER
[2026-03-20 16:14:54] WARNING: DRIVER 62 DID NOT PASS FILTER
[2026-03-20 16:14:54] DRIVER 67 PASSED FILTER, distance=0.9345km
[2026-03-20 16:14:54] TOTAL DRIVERS RETURNED: 1
[2026-03-20 16:14:54] TAXI TOTAL SENT: 0
[2026-03-20 16:22:38] WS CONNECTED: user=67
[2026-03-20 16:22:45] TAXI DISPATCH START ride=20 limit=1
[2026-03-20 16:22:45] FIND NEAREST DRIVERS: lat=42.868039, lon=74.584923, limit=3, radius=5km
[2026-03-20 16:22:45] REDIS RESULTS: [(10, 0.9096), (62, 0.9255), (67, 0.9345)]
[2026-03-20 16:22:45] DRIVERS AFTER FILTER: [67]
[2026-03-20 16:22:45] WARNING: DRIVER 10 DID NOT PASS FILTER
[2026-03-20 16:22:45] WARNING: DRIVER 62 DID NOT PASS FILTER
[2026-03-20 16:22:45] DRIVER 67 PASSED FILTER, distance=0.9345km
[2026-03-20 16:22:45] TOTAL DRIVERS RETURNED: 1
[2026-03-20 16:22:45] NEW OFFER: {'type': 'new_offer', 'offer_kind': 'taxi', 'offer_id': 9, 'ride_id': 20}
[2026-03-20 16:22:45] TAXI TOTAL SENT: 1
[2026-03-20 16:22:57] TAXI DISPATCH START ride=20 limit=2
[2026-03-20 16:22:57] FIND NEAREST DRIVERS: lat=42.868039, lon=74.584923, limit=6, radius=5km
[2026-03-20 16:22:57] REDIS RESULTS: [(10, 0.9096), (62, 0.9255), (67, 0.9345)]
[2026-03-20 16:22:57] DRIVERS AFTER FILTER: [67]
[2026-03-20 16:22:57] WARNING: DRIVER 10 DID NOT PASS FILTER
[2026-03-20 16:22:57] WARNING: DRIVER 62 DID NOT PASS FILTER
[2026-03-20 16:22:57] DRIVER 67 PASSED FILTER, distance=0.9345km
[2026-03-20 16:22:57] TOTAL DRIVERS RETURNED: 1
[2026-03-20 16:22:57] TAXI TOTAL SENT: 0
[2026-03-20 16:22:57] TAXI DISPATCH START ride=20 limit=3
[2026-03-20 16:22:57] FIND NEAREST DRIVERS: lat=42.868039, lon=74.584923, limit=9, radius=5km
[2026-03-20 16:22:57] REDIS RESULTS: [(10, 0.9096), (62, 0.9255), (67, 0.9345)]
[2026-03-20 16:22:57] DRIVERS AFTER FILTER: [67]
[2026-03-20 16:22:57] WARNING: DRIVER 10 DID NOT PASS FILTER
[2026-03-20 16:22:57] WARNING: DRIVER 62 DID NOT PASS FILTER
[2026-03-20 16:22:57] DRIVER 67 PASSED FILTER, distance=0.9345km
[2026-03-20 16:22:57] TOTAL DRIVERS RETURNED: 1
[2026-03-20 16:22:57] TAXI TOTAL SENT: 0
[2026-03-20 16:29:12] WS CONNECTED: user=67
[2026-03-20 16:30:50] WS DISCONNECTED: user_67, code=1000
[2026-03-20 16:30:50] WS CONNECTED: user=67
[2026-03-20 16:34:11] TAXI DISPATCH START ride=21 limit=1
[2026-03-20 16:34:11] FIND NEAREST DRIVERS: lat=42.868039, lon=74.584923, limit=3, radius=5km
[2026-03-20 16:34:11] REDIS RESULTS: [(10, 0.9096), (62, 0.9255), (67, 0.9303)]
[2026-03-20 16:34:11] DRIVERS AFTER FILTER: [67]
[2026-03-20 16:34:11] WARNING: DRIVER 10 DID NOT PASS FILTER
[2026-03-20 16:34:11] WARNING: DRIVER 62 DID NOT PASS FILTER
[2026-03-20 16:34:11] DRIVER 67 PASSED FILTER, distance=0.9303km
[2026-03-20 16:34:11] TOTAL DRIVERS RETURNED: 1
[2026-03-20 16:34:11] TAXI TOTAL SENT: 1
[2026-03-20 16:34:11] NEW OFFER: {'type': 'new_offer', 'offer_kind': 'taxi', 'offer_id': 10, 'ride_id': 21}
[2026-03-20 16:34:11] NEW OFFER: {'type': 'new_offer', 'offer_kind': 'taxi', 'offer_id': 10, 'ride_id': 21}
[2026-03-20 16:34:11] WS DISCONNECTED: user_67, code=1000
[2026-03-20 16:34:23] TAXI DISPATCH START ride=21 limit=2
[2026-03-20 16:34:23] FIND NEAREST DRIVERS: lat=42.868039, lon=74.584923, limit=6, radius=5km
[2026-03-20 16:34:23] REDIS RESULTS: [(10, 0.9096), (62, 0.9255), (67, 0.9303)]
[2026-03-20 16:34:23] DRIVERS AFTER FILTER: [67]
[2026-03-20 16:34:23] WARNING: DRIVER 10 DID NOT PASS FILTER
[2026-03-20 16:34:23] WARNING: DRIVER 62 DID NOT PASS FILTER
[2026-03-20 16:34:23] DRIVER 67 PASSED FILTER, distance=0.9303km
[2026-03-20 16:34:23] TOTAL DRIVERS RETURNED: 1
[2026-03-20 16:34:23] TAXI TOTAL SENT: 0
[2026-03-20 16:34:23] TAXI DISPATCH START ride=21 limit=3
[2026-03-20 16:34:23] FIND NEAREST DRIVERS: lat=42.868039, lon=74.584923, limit=9, radius=5km
[2026-03-20 16:34:23] REDIS RESULTS: [(10, 0.9096), (62, 0.9255), (67, 0.9303)]
[2026-03-20 16:34:23] DRIVERS AFTER FILTER: [67]
[2026-03-20 16:34:23] WARNING: DRIVER 10 DID NOT PASS FILTER
[2026-03-20 16:34:23] WARNING: DRIVER 62 DID NOT PASS FILTER
[2026-03-20 16:34:23] DRIVER 67 PASSED FILTER, distance=0.9303km
[2026-03-20 16:34:23] TOTAL DRIVERS RETURNED: 1
[2026-03-20 16:34:23] TAXI TOTAL SENT: 0
[2026-03-20 16:39:21] TAXI DISPATCH START ride=22 limit=1
[2026-03-20 16:39:21] FIND NEAREST DRIVERS: lat=42.868039, lon=74.584923, limit=3, radius=5km
[2026-03-20 16:39:21] REDIS RESULTS: [(10, 0.9096), (62, 0.9255), (67, 0.9303)]
[2026-03-20 16:39:21] DRIVERS AFTER FILTER: [67]
[2026-03-20 16:39:21] WARNING: DRIVER 10 DID NOT PASS FILTER
[2026-03-20 16:39:21] WARNING: DRIVER 62 DID NOT PASS FILTER
[2026-03-20 16:39:21] DRIVER 67 PASSED FILTER, distance=0.9303km
[2026-03-20 16:39:21] TOTAL DRIVERS RETURNED: 1
[2026-03-20 16:39:21] TAXI TOTAL SENT: 1
[2026-03-20 16:39:21] NEW OFFER: {'type': 'new_offer', 'offer_kind': 'taxi', 'offer_id': 11, 'ride_id': 22}
[2026-03-20 16:39:46] WS CONNECTED: user=67
[2026-03-20 16:40:02] TAXI DISPATCH START ride=23 limit=1
[2026-03-20 16:40:02] FIND NEAREST DRIVERS: lat=42.868039, lon=74.584923, limit=3, radius=5km
[2026-03-20 16:40:02] REDIS RESULTS: [(10, 0.9096), (62, 0.9255), (67, 0.9349)]
[2026-03-20 16:40:02] DRIVERS AFTER FILTER: [67]
[2026-03-20 16:40:02] WARNING: DRIVER 10 DID NOT PASS FILTER
[2026-03-20 16:40:02] WARNING: DRIVER 62 DID NOT PASS FILTER
[2026-03-20 16:40:02] DRIVER 67 PASSED FILTER, distance=0.9349km
[2026-03-20 16:40:02] TOTAL DRIVERS RETURNED: 1
[2026-03-20 16:40:02] TAXI TOTAL SENT: 1
[2026-03-20 16:40:02] NEW OFFER: {'type': 'new_offer', 'offer_kind': 'taxi', 'offer_id': 12, 'ride_id': 23}
[2026-03-20 16:40:02] NEW OFFER: {'type': 'new_offer', 'offer_kind': 'taxi', 'offer_id': 12, 'ride_id': 23}
[2026-03-20 16:40:02] WS DISCONNECTED: user_67, code=1000
[2026-03-20 16:41:22] WS CONNECTED: user=67
[2026-03-20 16:42:24] TAXI DISPATCH START ride=24 limit=1
[2026-03-20 16:42:24] FIND NEAREST DRIVERS: lat=42.868039, lon=74.584923, limit=3, radius=5km
[2026-03-20 16:42:24] REDIS RESULTS: [(10, 0.9096), (62, 0.9255), (67, 0.9269)]
[2026-03-20 16:42:24] DRIVERS AFTER FILTER: [67]
[2026-03-20 16:42:24] WARNING: DRIVER 10 DID NOT PASS FILTER
[2026-03-20 16:42:24] WARNING: DRIVER 62 DID NOT PASS FILTER
[2026-03-20 16:42:24] DRIVER 67 PASSED FILTER, distance=0.9269km
[2026-03-20 16:42:24] TOTAL DRIVERS RETURNED: 1
[2026-03-20 16:42:24] TAXI TOTAL SENT: 1
[2026-03-20 16:42:24] NEW OFFER: {'type': 'new_offer', 'offer_kind': 'taxi', 'offer_id': 13, 'ride_id': 24}
[2026-03-20 16:42:24] NEW OFFER: {'type': 'new_offer', 'offer_kind': 'taxi', 'offer_id': 13, 'ride_id': 24}
[2026-03-20 16:42:24] WS DISCONNECTED: user_67, code=1000
[2026-03-20 16:42:36] TAXI DISPATCH START ride=24 limit=2
[2026-03-20 16:42:36] FIND NEAREST DRIVERS: lat=42.868039, lon=74.584923, limit=6, radius=5km
[2026-03-20 16:42:36] REDIS RESULTS: [(10, 0.9096), (62, 0.9255), (67, 0.9269)]
[2026-03-20 16:42:36] DRIVERS AFTER FILTER: [67]
[2026-03-20 16:42:36] WARNING: DRIVER 10 DID NOT PASS FILTER
[2026-03-20 16:42:36] WARNING: DRIVER 62 DID NOT PASS FILTER
[2026-03-20 16:42:36] DRIVER 67 PASSED FILTER, distance=0.9269km
[2026-03-20 16:42:36] TOTAL DRIVERS RETURNED: 1
[2026-03-20 16:42:36] TAXI TOTAL SENT: 0
[2026-03-20 16:42:36] TAXI DISPATCH START ride=24 limit=3
[2026-03-20 16:42:36] FIND NEAREST DRIVERS: lat=42.868039, lon=74.584923, limit=9, radius=5km
[2026-03-20 16:42:36] REDIS RESULTS: [(10, 0.9096), (62, 0.9255), (67, 0.9269)]
[2026-03-20 16:42:36] DRIVERS AFTER FILTER: [67]
[2026-03-20 16:42:36] WARNING: DRIVER 10 DID NOT PASS FILTER
[2026-03-20 16:42:36] WARNING: DRIVER 62 DID NOT PASS FILTER
[2026-03-20 16:42:36] DRIVER 67 PASSED FILTER, distance=0.9269km
[2026-03-20 16:42:36] TOTAL DRIVERS RETURNED: 1
[2026-03-20 16:42:36] TAXI TOTAL SENT: 0
[2026-03-20 16:42:55] TAXI DISPATCH START ride=24 limit=1
[2026-03-20 16:42:55] FIND NEAREST DRIVERS: lat=42.868039, lon=74.584923, limit=3, radius=5km
[2026-03-20 16:42:55] REDIS RESULTS: [(10, 0.9096), (62, 0.9255), (67, 0.9269)]
[2026-03-20 16:42:55] DRIVERS AFTER FILTER: [67]
[2026-03-20 16:42:55] WARNING: DRIVER 10 DID NOT PASS FILTER
[2026-03-20 16:42:55] WARNING: DRIVER 62 DID NOT PASS FILTER
[2026-03-20 16:42:55] DRIVER 67 PASSED FILTER, distance=0.9269km
[2026-03-20 16:42:55] TOTAL DRIVERS RETURNED: 1
[2026-03-20 16:42:55] TAXI TOTAL SENT: 0
[2026-03-20 16:42:55] TAXI DISPATCH START ride=24 limit=2
[2026-03-20 16:42:55] FIND NEAREST DRIVERS: lat=42.868039, lon=74.584923, limit=6, radius=5km
[2026-03-20 16:42:55] REDIS RESULTS: [(10, 0.9096), (62, 0.9255), (67, 0.9269)]
[2026-03-20 16:42:55] DRIVERS AFTER FILTER: [67]
[2026-03-20 16:42:55] WARNING: DRIVER 10 DID NOT PASS FILTER
[2026-03-20 16:42:55] WARNING: DRIVER 62 DID NOT PASS FILTER
[2026-03-20 16:42:55] DRIVER 67 PASSED FILTER, distance=0.9269km
[2026-03-20 16:42:55] TOTAL DRIVERS RETURNED: 1
[2026-03-20 16:42:55] TAXI TOTAL SENT: 0
[2026-03-20 16:42:55] TAXI DISPATCH START ride=24 limit=3
[2026-03-20 16:42:55] FIND NEAREST DRIVERS: lat=42.868039, lon=74.584923, limit=9, radius=5km
[2026-03-20 16:42:55] REDIS RESULTS: [(10, 0.9096), (62, 0.9255), (67, 0.9269)]
[2026-03-20 16:42:55] DRIVERS AFTER FILTER: [67]
[2026-03-20 16:42:55] WARNING: DRIVER 10 DID NOT PASS FILTER
[2026-03-20 16:42:55] WARNING: DRIVER 62 DID NOT PASS FILTER
[2026-03-20 16:42:55] DRIVER 67 PASSED FILTER, distance=0.9269km
[2026-03-20 16:42:55] TOTAL DRIVERS RETURNED: 1
[2026-03-20 16:42:55] TAXI TOTAL SENT: 0
[2026-03-20 16:46:34] TAXI DISPATCH START ride=25 limit=1
[2026-03-20 16:46:34] FIND NEAREST DRIVERS: lat=42.868039, lon=74.584923, limit=3, radius=5km
[2026-03-20 16:46:34] REDIS RESULTS: [(10, 0.9096), (62, 0.9255), (67, 0.9269)]
[2026-03-20 16:46:34] DRIVERS AFTER FILTER: [67]
[2026-03-20 16:46:34] WARNING: DRIVER 10 DID NOT PASS FILTER
[2026-03-20 16:46:34] WARNING: DRIVER 62 DID NOT PASS FILTER
[2026-03-20 16:46:34] DRIVER 67 PASSED FILTER, distance=0.9269km
[2026-03-20 16:46:34] TOTAL DRIVERS RETURNED: 1
[2026-03-20 16:46:34] TAXI TOTAL SENT: 1
[2026-03-20 16:46:34] NEW OFFER: {'type': 'new_offer', 'offer_kind': 'taxi', 'offer_id': 14, 'ride_id': 25}
[2026-03-20 16:46:46] TAXI DISPATCH START ride=25 limit=2
[2026-03-20 16:46:46] FIND NEAREST DRIVERS: lat=42.868039, lon=74.584923, limit=6, radius=5km
[2026-03-20 16:46:46] REDIS RESULTS: [(10, 0.9096), (62, 0.9255), (67, 0.9269)]
[2026-03-20 16:46:46] DRIVERS AFTER FILTER: [67]
[2026-03-20 16:46:46] WARNING: DRIVER 10 DID NOT PASS FILTER
[2026-03-20 16:46:46] WARNING: DRIVER 62 DID NOT PASS FILTER
[2026-03-20 16:46:46] DRIVER 67 PASSED FILTER, distance=0.9269km
[2026-03-20 16:46:46] TOTAL DRIVERS RETURNED: 1
[2026-03-20 16:46:46] TAXI TOTAL SENT: 0
[2026-03-20 16:46:46] TAXI DISPATCH START ride=25 limit=3
[2026-03-20 16:46:46] FIND NEAREST DRIVERS: lat=42.868039, lon=74.584923, limit=9, radius=5km
[2026-03-20 16:46:46] REDIS RESULTS: [(10, 0.9096), (62, 0.9255), (67, 0.9269)]
[2026-03-20 16:46:46] DRIVERS AFTER FILTER: [67]
[2026-03-20 16:46:46] WARNING: DRIVER 10 DID NOT PASS FILTER
[2026-03-20 16:46:46] WARNING: DRIVER 62 DID NOT PASS FILTER
[2026-03-20 16:46:46] DRIVER 67 PASSED FILTER, distance=0.9269km
[2026-03-20 16:46:46] TOTAL DRIVERS RETURNED: 1
[2026-03-20 16:46:46] TAXI TOTAL SENT: 0
[2026-03-20 16:54:23] WS CONNECTED: user=67
[2026-03-20 16:56:25] DISPATCH START delivery=72 limit=3
[2026-03-20 16:56:25] FIND NEAREST COURIERS: lat=42.868039, lon=74.584923, limit=9, radius=5km
[2026-03-20 16:56:25] REDIS RESULTS: [(67, 0.93), (62, 0.94), (10, 0.949)]
[2026-03-20 16:56:25] COURIERS AFTER FILTER: [67, 62]
[2026-03-20 16:56:25] COURIER 67 PASSED FILTER, distance=0.93km
[2026-03-20 16:56:25] COURIER 62 PASSED FILTER, distance=0.94km
[2026-03-20 16:56:25] WARNING: COURIER 10 DID NOT PASS FILTER
[2026-03-20 16:56:25] TOTAL COURIERS RETURNED: 2
[2026-03-20 16:56:25] NEAREST FOUND: [(67, 0.93), (62, 0.94)]
[2026-03-20 16:56:25] CHECK COURIER id=67 distance=0.93
[2026-03-20 16:56:25] SEND OFFER -> courier=67, delivery=72, offer=33
[2026-03-20 16:56:25] OFFER SENT id=33 courier=67
[2026-03-20 16:56:25] CHECK COURIER id=62 distance=0.94
[2026-03-20 16:56:25] NEW OFFER: {'type': 'new_offer', 'offer_kind': 'courier', 'offer_id': 33, 'delivery_id': 72}
[2026-03-20 16:56:25] SEND OFFER -> courier=62, delivery=72, offer=34
[2026-03-20 16:56:25] NEW OFFER: {'type': 'new_offer', 'offer_kind': 'courier', 'offer_id': 33, 'delivery_id': 72}
[2026-03-20 16:56:25] OFFER SENT id=34 courier=62
[2026-03-20 16:56:25] TOTAL SENT: 2
[2026-03-20 16:56:25] WS DISCONNECTED: user_67, code=1000
[2026-03-20 16:56:40] DISPATCH START delivery=72 limit=5
[2026-03-20 16:56:40] FIND NEAREST COURIERS: lat=42.868039, lon=74.584923, limit=15, radius=5km
[2026-03-20 16:56:40] REDIS RESULTS: [(67, 0.93), (62, 0.94), (10, 0.949)]
[2026-03-20 16:56:40] COURIERS AFTER FILTER: [67, 62]
[2026-03-20 16:56:40] COURIER 67 PASSED FILTER, distance=0.93km
[2026-03-20 16:56:40] COURIER 62 PASSED FILTER, distance=0.94km
[2026-03-20 16:56:40] WARNING: COURIER 10 DID NOT PASS FILTER
[2026-03-20 16:56:40] TOTAL COURIERS RETURNED: 2
[2026-03-20 16:56:40] NEAREST FOUND: [(67, 0.93), (62, 0.94)]
[2026-03-20 16:56:40] CHECK COURIER id=67 distance=0.93
[2026-03-20 16:56:40] SKIP courier=67 (already has offer)
[2026-03-20 16:56:40] CHECK COURIER id=62 distance=0.94
[2026-03-20 16:56:40] SKIP courier=62 (already has offer)
[2026-03-20 16:56:40] TOTAL SENT: 0
[2026-03-20 16:56:40] DISPATCH START delivery=72 limit=10
[2026-03-20 16:56:40] FIND NEAREST COURIERS: lat=42.868039, lon=74.584923, limit=30, radius=5km
[2026-03-20 16:56:40] REDIS RESULTS: [(67, 0.93), (62, 0.94), (10, 0.949)]
[2026-03-20 16:56:40] COURIERS AFTER FILTER: [67, 62]
[2026-03-20 16:56:40] COURIER 67 PASSED FILTER, distance=0.93km
[2026-03-20 16:56:40] COURIER 62 PASSED FILTER, distance=0.94km
[2026-03-20 16:56:40] WARNING: COURIER 10 DID NOT PASS FILTER
[2026-03-20 16:56:40] TOTAL COURIERS RETURNED: 2
[2026-03-20 16:56:40] NEAREST FOUND: [(67, 0.93), (62, 0.94)]
[2026-03-20 16:56:40] CHECK COURIER id=67 distance=0.93
[2026-03-20 16:56:40] SKIP courier=67 (already has offer)
[2026-03-20 16:56:40] CHECK COURIER id=62 distance=0.94
[2026-03-20 16:56:40] SKIP courier=62 (already has offer)
[2026-03-20 16:56:40] TOTAL SENT: 0
[2026-03-20 16:57:55] DISPATCH START delivery=73 limit=3
[2026-03-20 16:57:55] FIND NEAREST COURIERS: lat=42.868039, lon=74.584923, limit=9, radius=5km
[2026-03-20 16:57:55] REDIS RESULTS: [(67, 0.93), (62, 0.94), (10, 0.949)]
[2026-03-20 16:57:55] COURIERS AFTER FILTER: [67, 62]
[2026-03-20 16:57:55] COURIER 67 PASSED FILTER, distance=0.93km
[2026-03-20 16:57:55] COURIER 62 PASSED FILTER, distance=0.94km
[2026-03-20 16:57:55] WARNING: COURIER 10 DID NOT PASS FILTER
[2026-03-20 16:57:55] TOTAL COURIERS RETURNED: 2
[2026-03-20 16:57:55] NEAREST FOUND: [(67, 0.93), (62, 0.94)]
[2026-03-20 16:57:55] CHECK COURIER id=67 distance=0.93
[2026-03-20 16:57:55] SEND OFFER -> courier=67, delivery=73, offer=35
[2026-03-20 16:57:55] OFFER SENT id=35 courier=67
[2026-03-20 16:57:55] CHECK COURIER id=62 distance=0.94
[2026-03-20 16:57:55] NEW OFFER: {'type': 'new_offer', 'offer_kind': 'courier', 'offer_id': 35, 'delivery_id': 73}
[2026-03-20 16:57:55] SEND OFFER -> courier=62, delivery=73, offer=36
[2026-03-20 16:57:55] OFFER SENT id=36 courier=62
[2026-03-20 16:57:55] TOTAL SENT: 2
[2026-03-20 17:07:00] DISPATCH START delivery=74 limit=3
[2026-03-20 17:07:00] FIND NEAREST COURIERS: lat=42.868039, lon=74.584923, limit=9, radius=5km
[2026-03-20 17:07:00] REDIS RESULTS: [(67, 0.93), (62, 0.94), (10, 0.949)]
[2026-03-20 17:07:00] COURIERS AFTER FILTER: [62]
[2026-03-20 17:07:00] WARNING: COURIER 67 DID NOT PASS FILTER
[2026-03-20 17:07:00] COURIER 62 PASSED FILTER, distance=0.94km
[2026-03-20 17:07:00] WARNING: COURIER 10 DID NOT PASS FILTER
[2026-03-20 17:07:00] TOTAL COURIERS RETURNED: 1
[2026-03-20 17:07:00] NEAREST FOUND: [(62, 0.94)]
[2026-03-20 17:07:00] CHECK COURIER id=62 distance=0.94
[2026-03-20 17:07:00] SEND OFFER -> courier=62, delivery=74, offer=37
[2026-03-20 17:07:00] OFFER SENT id=37 courier=62
[2026-03-20 17:07:00] TOTAL SENT: 1
[2026-03-20 17:07:16] DISPATCH START delivery=74 limit=5
[2026-03-20 17:07:16] FIND NEAREST COURIERS: lat=42.868039, lon=74.584923, limit=15, radius=5km
[2026-03-20 17:07:16] REDIS RESULTS: [(67, 0.93), (62, 0.94), (10, 0.949)]
[2026-03-20 17:07:16] COURIERS AFTER FILTER: [62]
[2026-03-20 17:07:16] WARNING: COURIER 67 DID NOT PASS FILTER
[2026-03-20 17:07:16] COURIER 62 PASSED FILTER, distance=0.94km
[2026-03-20 17:07:16] WARNING: COURIER 10 DID NOT PASS FILTER
[2026-03-20 17:07:16] TOTAL COURIERS RETURNED: 1
[2026-03-20 17:07:16] NEAREST FOUND: [(62, 0.94)]
[2026-03-20 17:07:16] CHECK COURIER id=62 distance=0.94
[2026-03-20 17:07:16] SKIP courier=62 (already has offer)
[2026-03-20 17:07:16] TOTAL SENT: 0
[2026-03-20 17:07:16] DISPATCH START delivery=74 limit=10
[2026-03-20 17:07:16] FIND NEAREST COURIERS: lat=42.868039, lon=74.584923, limit=30, radius=5km
[2026-03-20 17:07:16] REDIS RESULTS: [(67, 0.93), (62, 0.94), (10, 0.949)]
[2026-03-20 17:07:16] COURIERS AFTER FILTER: [62]
[2026-03-20 17:07:16] WARNING: COURIER 67 DID NOT PASS FILTER
[2026-03-20 17:07:16] COURIER 62 PASSED FILTER, distance=0.94km
[2026-03-20 17:07:16] WARNING: COURIER 10 DID NOT PASS FILTER
[2026-03-20 17:07:16] TOTAL COURIERS RETURNED: 1
[2026-03-20 17:07:16] NEAREST FOUND: [(62, 0.94)]
[2026-03-20 17:07:16] CHECK COURIER id=62 distance=0.94
[2026-03-20 17:07:16] SKIP courier=62 (already has offer)
[2026-03-20 17:07:16] TOTAL SENT: 0
[2026-03-20 17:07:31] DISPATCH START delivery=75 limit=3
[2026-03-20 17:07:31] FIND NEAREST COURIERS: lat=42.868039, lon=74.584923, limit=9, radius=5km
[2026-03-20 17:07:31] REDIS RESULTS: [(67, 0.93), (62, 0.94), (10, 0.949)]
[2026-03-20 17:07:31] COURIERS AFTER FILTER: [62]
[2026-03-20 17:07:31] WARNING: COURIER 67 DID NOT PASS FILTER
[2026-03-20 17:07:31] COURIER 62 PASSED FILTER, distance=0.94km
[2026-03-20 17:07:31] WARNING: COURIER 10 DID NOT PASS FILTER
[2026-03-20 17:07:31] TOTAL COURIERS RETURNED: 1
[2026-03-20 17:07:31] NEAREST FOUND: [(62, 0.94)]
[2026-03-20 17:07:31] CHECK COURIER id=62 distance=0.94
[2026-03-20 17:07:31] SEND OFFER -> courier=62, delivery=75, offer=38
[2026-03-20 17:07:31] OFFER SENT id=38 courier=62
[2026-03-20 17:07:31] TOTAL SENT: 1
[2026-03-20 17:07:46] DISPATCH START delivery=75 limit=5
[2026-03-20 17:07:46] FIND NEAREST COURIERS: lat=42.868039, lon=74.584923, limit=15, radius=5km
[2026-03-20 17:07:46] REDIS RESULTS: [(67, 0.93), (62, 0.94), (10, 0.949)]
[2026-03-20 17:07:46] COURIERS AFTER FILTER: [62]
[2026-03-20 17:07:46] WARNING: COURIER 67 DID NOT PASS FILTER
[2026-03-20 17:07:46] COURIER 62 PASSED FILTER, distance=0.94km
[2026-03-20 17:07:46] WARNING: COURIER 10 DID NOT PASS FILTER
[2026-03-20 17:07:46] TOTAL COURIERS RETURNED: 1
[2026-03-20 17:07:46] NEAREST FOUND: [(62, 0.94)]
[2026-03-20 17:07:46] CHECK COURIER id=62 distance=0.94
[2026-03-20 17:07:46] SKIP courier=62 (already has offer)
[2026-03-20 17:07:46] TOTAL SENT: 0
[2026-03-20 17:07:46] DISPATCH START delivery=75 limit=10
[2026-03-20 17:07:46] FIND NEAREST COURIERS: lat=42.868039, lon=74.584923, limit=30, radius=5km
[2026-03-20 17:07:46] REDIS RESULTS: [(67, 0.93), (62, 0.94), (10, 0.949)]
[2026-03-20 17:07:46] COURIERS AFTER FILTER: [62]
[2026-03-20 17:07:46] WARNING: COURIER 67 DID NOT PASS FILTER
[2026-03-20 17:07:46] COURIER 62 PASSED FILTER, distance=0.94km
[2026-03-20 17:07:46] WARNING: COURIER 10 DID NOT PASS FILTER
[2026-03-20 17:07:46] TOTAL COURIERS RETURNED: 1
[2026-03-20 17:07:46] NEAREST FOUND: [(62, 0.94)]
[2026-03-20 17:07:46] CHECK COURIER id=62 distance=0.94
[2026-03-20 17:07:46] SKIP courier=62 (already has offer)
[2026-03-20 17:07:46] TOTAL SENT: 0
[2026-03-20 17:08:10] DISPATCH START delivery=76 limit=3
[2026-03-20 17:08:10] FIND NEAREST COURIERS: lat=42.868039, lon=74.584923, limit=9, radius=5km
[2026-03-20 17:08:10] REDIS RESULTS: [(67, 0.93), (62, 0.94), (10, 0.949)]
[2026-03-20 17:08:10] COURIERS AFTER FILTER: [62]
[2026-03-20 17:08:10] WARNING: COURIER 67 DID NOT PASS FILTER
[2026-03-20 17:08:10] COURIER 62 PASSED FILTER, distance=0.94km
[2026-03-20 17:08:10] WARNING: COURIER 10 DID NOT PASS FILTER
[2026-03-20 17:08:10] TOTAL COURIERS RETURNED: 1
[2026-03-20 17:08:10] NEAREST FOUND: [(62, 0.94)]
[2026-03-20 17:08:10] CHECK COURIER id=62 distance=0.94
[2026-03-20 17:08:10] SEND OFFER -> courier=62, delivery=76, offer=39
[2026-03-20 17:08:10] OFFER SENT id=39 courier=62
[2026-03-20 17:08:10] TOTAL SENT: 1
[2026-03-20 17:08:25] DISPATCH START delivery=76 limit=5
[2026-03-20 17:08:25] FIND NEAREST COURIERS: lat=42.868039, lon=74.584923, limit=15, radius=5km
[2026-03-20 17:08:25] REDIS RESULTS: [(67, 0.93), (62, 0.94), (10, 0.949)]
[2026-03-20 17:08:25] COURIERS AFTER FILTER: [62]
[2026-03-20 17:08:25] WARNING: COURIER 67 DID NOT PASS FILTER
[2026-03-20 17:08:25] COURIER 62 PASSED FILTER, distance=0.94km
[2026-03-20 17:08:25] WARNING: COURIER 10 DID NOT PASS FILTER
[2026-03-20 17:08:25] TOTAL COURIERS RETURNED: 1
[2026-03-20 17:08:25] NEAREST FOUND: [(62, 0.94)]
[2026-03-20 17:08:25] CHECK COURIER id=62 distance=0.94
[2026-03-20 17:08:25] SKIP courier=62 (already has offer)
[2026-03-20 17:08:25] TOTAL SENT: 0
[2026-03-20 17:08:25] DISPATCH START delivery=76 limit=10
[2026-03-20 17:08:25] FIND NEAREST COURIERS: lat=42.868039, lon=74.584923, limit=30, radius=5km
[2026-03-20 17:08:25] REDIS RESULTS: [(67, 0.93), (62, 0.94), (10, 0.949)]
[2026-03-20 17:08:25] COURIERS AFTER FILTER: [62]
[2026-03-20 17:08:25] WARNING: COURIER 67 DID NOT PASS FILTER
[2026-03-20 17:08:25] COURIER 62 PASSED FILTER, distance=0.94km
[2026-03-20 17:08:25] WARNING: COURIER 10 DID NOT PASS FILTER
[2026-03-20 17:08:25] TOTAL COURIERS RETURNED: 1
[2026-03-20 17:08:25] NEAREST FOUND: [(62, 0.94)]
[2026-03-20 17:08:25] CHECK COURIER id=62 distance=0.94
[2026-03-20 17:08:25] SKIP courier=62 (already has offer)
[2026-03-20 17:08:25] TOTAL SENT: 0
[2026-03-20 17:09:09] WS DISCONNECTED: user_67, code=1000
[2026-03-20 17:09:13] WS CONNECTED: user=67
[2026-03-20 17:09:21] DISPATCH START delivery=77 limit=3
[2026-03-20 17:09:21] FIND NEAREST COURIERS: lat=42.868039, lon=74.584923, limit=9, radius=5km
[2026-03-20 17:09:21] REDIS RESULTS: [(67, 0.93), (62, 0.94), (10, 0.949)]
[2026-03-20 17:09:21] COURIERS AFTER FILTER: [62]
[2026-03-20 17:09:21] WARNING: COURIER 67 DID NOT PASS FILTER
[2026-03-20 17:09:21] COURIER 62 PASSED FILTER, distance=0.94km
[2026-03-20 17:09:21] WARNING: COURIER 10 DID NOT PASS FILTER
[2026-03-20 17:09:21] TOTAL COURIERS RETURNED: 1
[2026-03-20 17:09:21] NEAREST FOUND: [(62, 0.94)]
[2026-03-20 17:09:21] CHECK COURIER id=62 distance=0.94
[2026-03-20 17:09:21] SEND OFFER -> courier=62, delivery=77, offer=40
[2026-03-20 17:09:21] OFFER SENT id=40 courier=62
[2026-03-20 17:09:21] TOTAL SENT: 1
[2026-03-20 17:09:36] DISPATCH START delivery=77 limit=5
[2026-03-20 17:09:36] FIND NEAREST COURIERS: lat=42.868039, lon=74.584923, limit=15, radius=5km
[2026-03-20 17:09:36] REDIS RESULTS: [(67, 0.93), (62, 0.94), (10, 0.949)]
[2026-03-20 17:09:36] COURIERS AFTER FILTER: [62]
[2026-03-20 17:09:36] WARNING: COURIER 67 DID NOT PASS FILTER
[2026-03-20 17:09:36] COURIER 62 PASSED FILTER, distance=0.94km
[2026-03-20 17:09:36] WARNING: COURIER 10 DID NOT PASS FILTER
[2026-03-20 17:09:36] TOTAL COURIERS RETURNED: 1
[2026-03-20 17:09:36] NEAREST FOUND: [(62, 0.94)]
[2026-03-20 17:09:36] CHECK COURIER id=62 distance=0.94
[2026-03-20 17:09:36] SKIP courier=62 (already has offer)
[2026-03-20 17:09:36] TOTAL SENT: 0
[2026-03-20 17:09:36] DISPATCH START delivery=77 limit=10
[2026-03-20 17:09:36] FIND NEAREST COURIERS: lat=42.868039, lon=74.584923, limit=30, radius=5km
[2026-03-20 17:09:36] REDIS RESULTS: [(67, 0.93), (62, 0.94), (10, 0.949)]
[2026-03-20 17:09:36] COURIERS AFTER FILTER: [62]
[2026-03-20 17:09:36] WARNING: COURIER 67 DID NOT PASS FILTER
[2026-03-20 17:09:36] COURIER 62 PASSED FILTER, distance=0.94km
[2026-03-20 17:09:36] WARNING: COURIER 10 DID NOT PASS FILTER
[2026-03-20 17:09:36] TOTAL COURIERS RETURNED: 1
[2026-03-20 17:09:36] NEAREST FOUND: [(62, 0.94)]
[2026-03-20 17:09:36] CHECK COURIER id=62 distance=0.94
[2026-03-20 17:09:36] SKIP courier=62 (already has offer)
[2026-03-20 17:09:36] TOTAL SENT: 0
[2026-03-20 17:11:14] WS CONNECTED: user=67
[2026-03-20 17:11:28] DISPATCH START delivery=78 limit=3
[2026-03-20 17:11:28] FIND NEAREST COURIERS: lat=42.868039, lon=74.584923, limit=9, radius=5km
[2026-03-20 17:11:28] REDIS RESULTS: [(67, 0.9295), (62, 0.94), (10, 0.949)]
[2026-03-20 17:11:28] COURIERS AFTER FILTER: [67, 62]
[2026-03-20 17:11:28] COURIER 67 PASSED FILTER, distance=0.9295km
[2026-03-20 17:11:28] COURIER 62 PASSED FILTER, distance=0.94km
[2026-03-20 17:11:28] WARNING: COURIER 10 DID NOT PASS FILTER
[2026-03-20 17:11:28] TOTAL COURIERS RETURNED: 2
[2026-03-20 17:11:28] NEAREST FOUND: [(67, 0.9295), (62, 0.94)]
[2026-03-20 17:11:28] CHECK COURIER id=67 distance=0.9295
[2026-03-20 17:11:28] SEND OFFER -> courier=67, delivery=78, offer=41
[2026-03-20 17:11:28] OFFER SENT id=41 courier=67
[2026-03-20 17:11:28] CHECK COURIER id=62 distance=0.94
[2026-03-20 17:11:28] SEND OFFER -> courier=62, delivery=78, offer=42
[2026-03-20 17:11:28] NEW OFFER: {'type': 'new_offer', 'offer_kind': 'courier', 'offer_id': 41, 'delivery_id': 78}
[2026-03-20 17:11:28] NEW OFFER: {'type': 'new_offer', 'offer_kind': 'courier', 'offer_id': 41, 'delivery_id': 78}
[2026-03-20 17:11:28] OFFER SENT id=42 courier=62
[2026-03-20 17:11:28] TOTAL SENT: 2
[2026-03-20 17:11:28] WS DISCONNECTED: user_67, code=1000
[2026-03-20 17:11:43] DISPATCH START delivery=78 limit=5
[2026-03-20 17:11:43] FIND NEAREST COURIERS: lat=42.868039, lon=74.584923, limit=15, radius=5km
[2026-03-20 17:11:43] REDIS RESULTS: [(67, 0.9295), (62, 0.94), (10, 0.949)]
[2026-03-20 17:11:43] COURIERS AFTER FILTER: [67, 62]
[2026-03-20 17:11:43] COURIER 67 PASSED FILTER, distance=0.9295km
[2026-03-20 17:11:43] COURIER 62 PASSED FILTER, distance=0.94km
[2026-03-20 17:11:43] WARNING: COURIER 10 DID NOT PASS FILTER
[2026-03-20 17:11:43] TOTAL COURIERS RETURNED: 2
[2026-03-20 17:11:43] NEAREST FOUND: [(67, 0.9295), (62, 0.94)]
[2026-03-20 17:11:43] CHECK COURIER id=67 distance=0.9295
[2026-03-20 17:11:43] SKIP courier=67 (already has offer)
[2026-03-20 17:11:43] CHECK COURIER id=62 distance=0.94
[2026-03-20 17:11:43] SKIP courier=62 (already has offer)
[2026-03-20 17:11:43] TOTAL SENT: 0
[2026-03-20 17:11:43] DISPATCH START delivery=78 limit=10
[2026-03-20 17:11:43] FIND NEAREST COURIERS: lat=42.868039, lon=74.584923, limit=30, radius=5km
[2026-03-20 17:11:43] REDIS RESULTS: [(67, 0.9295), (62, 0.94), (10, 0.949)]
[2026-03-20 17:11:43] COURIERS AFTER FILTER: [67, 62]
[2026-03-20 17:11:43] COURIER 67 PASSED FILTER, distance=0.9295km
[2026-03-20 17:11:43] COURIER 62 PASSED FILTER, distance=0.94km
[2026-03-20 17:11:43] WARNING: COURIER 10 DID NOT PASS FILTER
[2026-03-20 17:11:43] TOTAL COURIERS RETURNED: 2
[2026-03-20 17:11:43] NEAREST FOUND: [(67, 0.9295), (62, 0.94)]
[2026-03-20 17:11:43] CHECK COURIER id=67 distance=0.9295
[2026-03-20 17:11:43] SKIP courier=67 (already has offer)
[2026-03-20 17:11:43] CHECK COURIER id=62 distance=0.94
[2026-03-20 17:11:43] SKIP courier=62 (already has offer)
[2026-03-20 17:11:43] TOTAL SENT: 0
[2026-03-20 17:11:59] DISPATCH START delivery=79 limit=3
[2026-03-20 17:11:59] FIND NEAREST COURIERS: lat=42.868039, lon=74.584923, limit=9, radius=5km
[2026-03-20 17:11:59] REDIS RESULTS: [(67, 0.9295), (62, 0.94), (10, 0.949)]
[2026-03-20 17:11:59] COURIERS AFTER FILTER: [67, 62]
[2026-03-20 17:11:59] COURIER 67 PASSED FILTER, distance=0.9295km
[2026-03-20 17:11:59] COURIER 62 PASSED FILTER, distance=0.94km
[2026-03-20 17:11:59] WARNING: COURIER 10 DID NOT PASS FILTER
[2026-03-20 17:11:59] TOTAL COURIERS RETURNED: 2
[2026-03-20 17:11:59] NEAREST FOUND: [(67, 0.9295), (62, 0.94)]
[2026-03-20 17:11:59] CHECK COURIER id=67 distance=0.9295
[2026-03-20 17:11:59] SEND OFFER -> courier=67, delivery=79, offer=43
[2026-03-20 17:11:59] OFFER SENT id=43 courier=67
[2026-03-20 17:11:59] CHECK COURIER id=62 distance=0.94
[2026-03-20 17:11:59] SEND OFFER -> courier=62, delivery=79, offer=44
[2026-03-20 17:11:59] NEW OFFER: {'type': 'new_offer', 'offer_kind': 'courier', 'offer_id': 43, 'delivery_id': 79}
[2026-03-20 17:11:59] OFFER SENT id=44 courier=62
[2026-03-20 17:11:59] TOTAL SENT: 2
[2026-03-20 21:03:10] DISPATCH START delivery=80 limit=3
[2026-03-20 21:03:10] FIND NEAREST COURIERS: lat=42.868039, lon=74.584923, limit=9, radius=5km
[2026-03-20 21:03:10] REDIS RESULTS: [(67, 0.9348), (62, 0.94), (10, 0.949)]
[2026-03-20 21:03:10] COURIERS AFTER FILTER: [67, 62]
[2026-03-20 21:03:10] COURIER 67 PASSED FILTER, distance=0.9348km
[2026-03-20 21:03:10] COURIER 62 PASSED FILTER, distance=0.94km
[2026-03-20 21:03:10] WARNING: COURIER 10 DID NOT PASS FILTER
[2026-03-20 21:03:10] TOTAL COURIERS RETURNED: 2
[2026-03-20 21:03:10] NEAREST FOUND: [(67, 0.9348), (62, 0.94)]
[2026-03-20 21:03:10] CHECK COURIER id=67 distance=0.9348
[2026-03-20 21:03:10] SEND OFFER -> courier=67, delivery=80, offer=45
[2026-03-20 21:03:10] OFFER SENT id=45 courier=67
[2026-03-20 21:03:10] CHECK COURIER id=62 distance=0.94
[2026-03-20 21:03:10] NEW OFFER: {'type': 'new_offer', 'offer_kind': 'courier', 'offer_id': 45, 'delivery_id': 80}
[2026-03-20 21:03:10] SEND OFFER -> courier=62, delivery=80, offer=46
[2026-03-20 21:03:10] OFFER SENT id=46 courier=62
[2026-03-20 21:03:10] TOTAL SENT: 2
[2026-03-20 21:03:25] DISPATCH START delivery=80 limit=5
[2026-03-20 21:03:25] FIND NEAREST COURIERS: lat=42.868039, lon=74.584923, limit=15, radius=5km
[2026-03-20 21:03:25] REDIS RESULTS: [(67, 0.9348), (62, 0.94), (10, 0.949)]
[2026-03-20 21:03:25] COURIERS AFTER FILTER: [67, 62]
[2026-03-20 21:03:25] COURIER 67 PASSED FILTER, distance=0.9348km
[2026-03-20 21:03:25] COURIER 62 PASSED FILTER, distance=0.94km
[2026-03-20 21:03:25] WARNING: COURIER 10 DID NOT PASS FILTER
[2026-03-20 21:03:25] TOTAL COURIERS RETURNED: 2
[2026-03-20 21:03:25] NEAREST FOUND: [(67, 0.9348), (62, 0.94)]
[2026-03-20 21:03:25] CHECK COURIER id=67 distance=0.9348
[2026-03-20 21:03:25] SKIP courier=67 (already has offer)
[2026-03-20 21:03:25] CHECK COURIER id=62 distance=0.94
[2026-03-20 21:03:25] SKIP courier=62 (already has offer)
[2026-03-20 21:03:25] TOTAL SENT: 0
[2026-03-20 21:03:25] DISPATCH START delivery=80 limit=10
[2026-03-20 21:03:25] FIND NEAREST COURIERS: lat=42.868039, lon=74.584923, limit=30, radius=5km
[2026-03-20 21:03:25] REDIS RESULTS: [(67, 0.9348), (62, 0.94), (10, 0.949)]
[2026-03-20 21:03:25] COURIERS AFTER FILTER: [67, 62]
[2026-03-20 21:03:25] COURIER 67 PASSED FILTER, distance=0.9348km
[2026-03-20 21:03:25] COURIER 62 PASSED FILTER, distance=0.94km
[2026-03-20 21:03:25] WARNING: COURIER 10 DID NOT PASS FILTER
[2026-03-20 21:03:25] TOTAL COURIERS RETURNED: 2
[2026-03-20 21:03:25] NEAREST FOUND: [(67, 0.9348), (62, 0.94)]
[2026-03-20 21:03:25] CHECK COURIER id=67 distance=0.9348
[2026-03-20 21:03:25] SKIP courier=67 (already has offer)
[2026-03-20 21:03:25] CHECK COURIER id=62 distance=0.94
[2026-03-20 21:03:25] SKIP courier=62 (already has offer)
[2026-03-20 21:03:25] TOTAL SENT: 0
[2026-03-20 21:03:42] DISPATCH START delivery=81 limit=3
[2026-03-20 21:03:42] FIND NEAREST COURIERS: lat=42.868039, lon=74.584923, limit=9, radius=5km
[2026-03-20 21:03:42] REDIS RESULTS: [(67, 0.9348), (62, 0.94), (10, 0.949)]
[2026-03-20 21:03:42] COURIERS AFTER FILTER: [67, 62]
[2026-03-20 21:03:42] COURIER 67 PASSED FILTER, distance=0.9348km
[2026-03-20 21:03:42] COURIER 62 PASSED FILTER, distance=0.94km
[2026-03-20 21:03:42] WARNING: COURIER 10 DID NOT PASS FILTER
[2026-03-20 21:03:42] TOTAL COURIERS RETURNED: 2
[2026-03-20 21:03:42] NEAREST FOUND: [(67, 0.9348), (62, 0.94)]
[2026-03-20 21:03:42] CHECK COURIER id=67 distance=0.9348
[2026-03-20 21:03:42] SEND OFFER -> courier=67, delivery=81, offer=47
[2026-03-20 21:03:42] OFFER SENT id=47 courier=67
[2026-03-20 21:03:42] CHECK COURIER id=62 distance=0.94
[2026-03-20 21:03:42] NEW OFFER: {'type': 'new_offer', 'offer_kind': 'courier', 'offer_id': 47, 'delivery_id': 81}
[2026-03-20 21:03:42] SEND OFFER -> courier=62, delivery=81, offer=48
[2026-03-20 21:03:42] OFFER SENT id=48 courier=62
[2026-03-20 21:03:42] TOTAL SENT: 2
[2026-03-20 21:19:20] WS DISCONNECTED: user_67, code=1006
[2026-03-21 13:12:20] WS CONNECTED: user=62
[2026-03-21 13:12:49] TAXI DISPATCH START ride=26 limit=1
[2026-03-21 13:12:49] FIND NEAREST DRIVERS: lat=0.0, lon=0.0, limit=3, radius=5km
[2026-03-21 13:12:49] REDIS RESULTS: []
[2026-03-21 13:12:49] WARNING: NO DRIVERS FOUND IN REDIS
[2026-03-21 13:12:49] TAXI TOTAL SENT: 0
[2026-03-21 13:12:49] TAXI DISPATCH START ride=26 limit=2
[2026-03-21 13:12:49] FIND NEAREST DRIVERS: lat=0.0, lon=0.0, limit=6, radius=5km
[2026-03-21 13:12:49] REDIS RESULTS: []
[2026-03-21 13:12:49] WARNING: NO DRIVERS FOUND IN REDIS
[2026-03-21 13:12:49] TAXI TOTAL SENT: 0
[2026-03-21 13:12:49] TAXI DISPATCH START ride=26 limit=3
[2026-03-21 13:12:49] FIND NEAREST DRIVERS: lat=0.0, lon=0.0, limit=9, radius=5km
[2026-03-21 13:12:49] REDIS RESULTS: []
[2026-03-21 13:12:49] WARNING: NO DRIVERS FOUND IN REDIS
[2026-03-21 13:12:49] TAXI TOTAL SENT: 0
[2026-03-21 13:13:29] TAXI DISPATCH START ride=27 limit=1
[2026-03-21 13:13:29] FIND NEAREST DRIVERS: lat=0.0, lon=0.0, limit=3, radius=5km
[2026-03-21 13:13:29] REDIS RESULTS: []
[2026-03-21 13:13:29] WARNING: NO DRIVERS FOUND IN REDIS
[2026-03-21 13:13:29] TAXI TOTAL SENT: 0
[2026-03-21 13:13:29] TAXI DISPATCH START ride=27 limit=2
[2026-03-21 13:13:29] FIND NEAREST DRIVERS: lat=0.0, lon=0.0, limit=6, radius=5km
[2026-03-21 13:13:29] REDIS RESULTS: []
[2026-03-21 13:13:29] WARNING: NO DRIVERS FOUND IN REDIS
[2026-03-21 13:13:29] TAXI TOTAL SENT: 0
[2026-03-21 13:13:29] TAXI DISPATCH START ride=27 limit=3
[2026-03-21 13:13:29] FIND NEAREST DRIVERS: lat=0.0, lon=0.0, limit=9, radius=5km
[2026-03-21 13:13:29] REDIS RESULTS: []
[2026-03-21 13:13:29] WARNING: NO DRIVERS FOUND IN REDIS
[2026-03-21 13:13:29] TAXI TOTAL SENT: 0
[2026-03-21 13:13:52] TAXI DISPATCH START ride=28 limit=1
[2026-03-21 13:13:52] FIND NEAREST DRIVERS: lat=0.0, lon=0.0, limit=3, radius=5km
[2026-03-21 13:13:52] REDIS RESULTS: []
[2026-03-21 13:13:52] WARNING: NO DRIVERS FOUND IN REDIS
[2026-03-21 13:13:52] TAXI TOTAL SENT: 0
[2026-03-21 13:13:52] TAXI DISPATCH START ride=28 limit=2
[2026-03-21 13:13:52] FIND NEAREST DRIVERS: lat=0.0, lon=0.0, limit=6, radius=5km
[2026-03-21 13:13:52] REDIS RESULTS: []
[2026-03-21 13:13:52] WARNING: NO DRIVERS FOUND IN REDIS
[2026-03-21 13:13:52] TAXI TOTAL SENT: 0
[2026-03-21 13:13:52] TAXI DISPATCH START ride=28 limit=3
[2026-03-21 13:13:52] FIND NEAREST DRIVERS: lat=0.0, lon=0.0, limit=9, radius=5km
[2026-03-21 13:13:52] REDIS RESULTS: []
[2026-03-21 13:13:52] WARNING: NO DRIVERS FOUND IN REDIS
[2026-03-21 13:13:52] TAXI TOTAL SENT: 0
[2026-03-21 13:13:58] WS DISCONNECTED: user_62, code=1000
[2026-03-21 13:14:38] TAXI DISPATCH START ride=29 limit=1
[2026-03-21 13:14:38] FIND NEAREST DRIVERS: lat=0.0, lon=0.0, limit=3, radius=5km
[2026-03-21 13:14:38] REDIS RESULTS: []
[2026-03-21 13:14:38] WARNING: NO DRIVERS FOUND IN REDIS
[2026-03-21 13:14:38] TAXI TOTAL SENT: 0
[2026-03-21 13:14:38] TAXI DISPATCH START ride=29 limit=2
[2026-03-21 13:14:38] FIND NEAREST DRIVERS: lat=0.0, lon=0.0, limit=6, radius=5km
[2026-03-21 13:14:38] REDIS RESULTS: []
[2026-03-21 13:14:38] WARNING: NO DRIVERS FOUND IN REDIS
[2026-03-21 13:14:38] TAXI TOTAL SENT: 0
[2026-03-21 13:14:38] TAXI DISPATCH START ride=29 limit=3
[2026-03-21 13:14:38] FIND NEAREST DRIVERS: lat=0.0, lon=0.0, limit=9, radius=5km
[2026-03-21 13:14:38] REDIS RESULTS: []
[2026-03-21 13:14:38] WARNING: NO DRIVERS FOUND IN REDIS
[2026-03-21 13:14:38] TAXI TOTAL SENT: 0
[2026-03-21 13:14:42] WS CONNECTED: user=62
[2026-03-21 13:14:44] TAXI DISPATCH START ride=30 limit=1
[2026-03-21 13:14:44] FIND NEAREST DRIVERS: lat=0.0, lon=0.0, limit=3, radius=5km
[2026-03-21 13:14:44] REDIS RESULTS: []
[2026-03-21 13:14:44] WARNING: NO DRIVERS FOUND IN REDIS
[2026-03-21 13:14:44] TAXI TOTAL SENT: 0
[2026-03-21 13:14:44] TAXI DISPATCH START ride=30 limit=2
[2026-03-21 13:14:44] FIND NEAREST DRIVERS: lat=0.0, lon=0.0, limit=6, radius=5km
[2026-03-21 13:14:44] REDIS RESULTS: []
[2026-03-21 13:14:44] WARNING: NO DRIVERS FOUND IN REDIS
[2026-03-21 13:14:44] TAXI TOTAL SENT: 0
[2026-03-21 13:14:44] TAXI DISPATCH START ride=30 limit=3
[2026-03-21 13:14:44] FIND NEAREST DRIVERS: lat=0.0, lon=0.0, limit=9, radius=5km
[2026-03-21 13:14:44] REDIS RESULTS: []
[2026-03-21 13:14:44] WARNING: NO DRIVERS FOUND IN REDIS
[2026-03-21 13:14:44] TAXI TOTAL SENT: 0
[2026-03-21 13:16:11] WS DISCONNECTED: user_62, code=1000
[2026-03-21 13:16:15] WS CONNECTED: user=62
[2026-03-21 13:16:18] TAXI DISPATCH START ride=31 limit=1
[2026-03-21 13:16:18] FIND NEAREST DRIVERS: lat=0.0, lon=0.0, limit=3, radius=5km
[2026-03-21 13:16:18] REDIS RESULTS: []
[2026-03-21 13:16:18] WARNING: NO DRIVERS FOUND IN REDIS
[2026-03-21 13:16:18] TAXI TOTAL SENT: 0
[2026-03-21 13:16:18] TAXI DISPATCH START ride=31 limit=2
[2026-03-21 13:16:18] FIND NEAREST DRIVERS: lat=0.0, lon=0.0, limit=6, radius=5km
[2026-03-21 13:16:18] REDIS RESULTS: []
[2026-03-21 13:16:18] WARNING: NO DRIVERS FOUND IN REDIS
[2026-03-21 13:16:18] TAXI TOTAL SENT: 0
[2026-03-21 13:16:18] TAXI DISPATCH START ride=31 limit=3
[2026-03-21 13:16:18] FIND NEAREST DRIVERS: lat=0.0, lon=0.0, limit=9, radius=5km
[2026-03-21 13:16:18] REDIS RESULTS: []
[2026-03-21 13:16:18] WARNING: NO DRIVERS FOUND IN REDIS
[2026-03-21 13:16:18] TAXI TOTAL SENT: 0
[2026-03-21 13:16:43] WS CONNECTED: user=67
[2026-03-21 13:20:35] WS DISCONNECTED: user_67, code=1006
[2026-03-21 13:38:24] WS CONNECTED: user=67
[2026-03-21 13:38:44] DISPATCH START delivery=82 limit=3
[2026-03-21 13:38:44] FIND NEAREST COURIERS: lat=42.868039, lon=74.584923, limit=9, radius=5km
[2026-03-21 13:38:44] REDIS RESULTS: [(67, 0.9216), (62, 0.94), (10, 0.949)]
[2026-03-21 13:38:44] COURIERS AFTER FILTER: [67, 62]
[2026-03-21 13:38:44] COURIER 67 PASSED FILTER, distance=0.9216km
[2026-03-21 13:38:44] COURIER 62 PASSED FILTER, distance=0.94km
[2026-03-21 13:38:44] WARNING: COURIER 10 DID NOT PASS FILTER
[2026-03-21 13:38:44] TOTAL COURIERS RETURNED: 2
[2026-03-21 13:38:44] NEAREST FOUND: [(67, 0.9216), (62, 0.94)]
[2026-03-21 13:38:44] CHECK COURIER id=67 distance=0.9216
[2026-03-21 13:38:44] SEND OFFER -> courier=67, delivery=82, offer=49
[2026-03-21 13:38:44] OFFER SENT id=49 courier=67
[2026-03-21 13:38:44] CHECK COURIER id=62 distance=0.94
[2026-03-21 13:38:44] NEW OFFER: {'type': 'new_offer', 'offer_kind': 'courier', 'offer_id': 49, 'delivery_id': 82}
[2026-03-21 13:38:44] SEND OFFER -> courier=62, delivery=82, offer=50
[2026-03-21 13:38:44] NEW OFFER: {'type': 'new_offer', 'offer_kind': 'courier', 'offer_id': 50, 'delivery_id': 82}
[2026-03-21 13:38:44] OFFER SENT id=50 courier=62
[2026-03-21 13:38:44] TOTAL SENT: 2
[2026-03-21 13:38:45] WS DISCONNECTED: user_67, code=1000
[2026-03-21 13:38:59] DISPATCH START delivery=82 limit=5
[2026-03-21 13:38:59] FIND NEAREST COURIERS: lat=42.868039, lon=74.584923, limit=15, radius=5km
[2026-03-21 13:38:59] REDIS RESULTS: [(67, 0.9216), (62, 0.94), (10, 0.949)]
[2026-03-21 13:38:59] COURIERS AFTER FILTER: [67, 62]
[2026-03-21 13:38:59] COURIER 67 PASSED FILTER, distance=0.9216km
[2026-03-21 13:38:59] COURIER 62 PASSED FILTER, distance=0.94km
[2026-03-21 13:38:59] WARNING: COURIER 10 DID NOT PASS FILTER
[2026-03-21 13:38:59] TOTAL COURIERS RETURNED: 2
[2026-03-21 13:38:59] NEAREST FOUND: [(67, 0.9216), (62, 0.94)]
[2026-03-21 13:38:59] CHECK COURIER id=67 distance=0.9216
[2026-03-21 13:38:59] SKIP courier=67 (already has offer)
[2026-03-21 13:38:59] CHECK COURIER id=62 distance=0.94
[2026-03-21 13:38:59] SKIP courier=62 (already has offer)
[2026-03-21 13:38:59] TOTAL SENT: 0
[2026-03-21 13:38:59] DISPATCH START delivery=82 limit=10
[2026-03-21 13:38:59] FIND NEAREST COURIERS: lat=42.868039, lon=74.584923, limit=30, radius=5km
[2026-03-21 13:38:59] REDIS RESULTS: [(67, 0.9216), (62, 0.94), (10, 0.949)]
[2026-03-21 13:38:59] COURIERS AFTER FILTER: [67, 62]
[2026-03-21 13:38:59] COURIER 67 PASSED FILTER, distance=0.9216km
[2026-03-21 13:38:59] COURIER 62 PASSED FILTER, distance=0.94km
[2026-03-21 13:38:59] WARNING: COURIER 10 DID NOT PASS FILTER
[2026-03-21 13:38:59] TOTAL COURIERS RETURNED: 2
[2026-03-21 13:38:59] NEAREST FOUND: [(67, 0.9216), (62, 0.94)]
[2026-03-21 13:38:59] CHECK COURIER id=67 distance=0.9216
[2026-03-21 13:38:59] SKIP courier=67 (already has offer)
[2026-03-21 13:38:59] CHECK COURIER id=62 distance=0.94
[2026-03-21 13:38:59] SKIP courier=62 (already has offer)
[2026-03-21 13:38:59] TOTAL SENT: 0
[2026-03-21 13:40:28] WS CONNECTED: user=67
[2026-03-21 13:40:35] DISPATCH START delivery=83 limit=3
[2026-03-21 13:40:35] FIND NEAREST COURIERS: lat=42.868039, lon=74.584923, limit=9, radius=5km
[2026-03-21 13:40:35] REDIS RESULTS: [(67, 0.9319), (62, 0.94), (10, 0.949)]
[2026-03-21 13:40:35] COURIERS AFTER FILTER: [67, 62]
[2026-03-21 13:40:35] COURIER 67 PASSED FILTER, distance=0.9319km
[2026-03-21 13:40:35] COURIER 62 PASSED FILTER, distance=0.94km
[2026-03-21 13:40:35] WARNING: COURIER 10 DID NOT PASS FILTER
[2026-03-21 13:40:35] TOTAL COURIERS RETURNED: 2
[2026-03-21 13:40:35] NEAREST FOUND: [(67, 0.9319), (62, 0.94)]
[2026-03-21 13:40:35] CHECK COURIER id=67 distance=0.9319
[2026-03-21 13:40:35] SEND OFFER -> courier=67, delivery=83, offer=51
[2026-03-21 13:40:35] OFFER SENT id=51 courier=67
[2026-03-21 13:40:35] CHECK COURIER id=62 distance=0.94
[2026-03-21 13:40:35] NEW OFFER: {'type': 'new_offer', 'offer_kind': 'courier', 'offer_id': 51, 'delivery_id': 83}
[2026-03-21 13:40:35] SEND OFFER -> courier=62, delivery=83, offer=52
[2026-03-21 13:40:35] OFFER SENT id=52 courier=62
[2026-03-21 13:40:35] TOTAL SENT: 2
[2026-03-21 13:40:35] NEW OFFER: {'type': 'new_offer', 'offer_kind': 'courier', 'offer_id': 52, 'delivery_id': 83}
[2026-03-21 13:40:35] WS DISCONNECTED: user_67, code=1000
[2026-03-21 13:40:50] DISPATCH START delivery=83 limit=5
[2026-03-21 13:40:50] FIND NEAREST COURIERS: lat=42.868039, lon=74.584923, limit=15, radius=5km
[2026-03-21 13:40:50] REDIS RESULTS: [(67, 0.9319), (62, 0.94), (10, 0.949)]
[2026-03-21 13:40:50] COURIERS AFTER FILTER: [67, 62]
[2026-03-21 13:40:50] COURIER 67 PASSED FILTER, distance=0.9319km
[2026-03-21 13:40:50] COURIER 62 PASSED FILTER, distance=0.94km
[2026-03-21 13:40:50] WARNING: COURIER 10 DID NOT PASS FILTER
[2026-03-21 13:40:50] TOTAL COURIERS RETURNED: 2
[2026-03-21 13:40:50] NEAREST FOUND: [(67, 0.9319), (62, 0.94)]
[2026-03-21 13:40:50] CHECK COURIER id=67 distance=0.9319
[2026-03-21 13:40:50] SKIP courier=67 (already has offer)
[2026-03-21 13:40:50] CHECK COURIER id=62 distance=0.94
[2026-03-21 13:40:50] SKIP courier=62 (already has offer)
[2026-03-21 13:40:50] TOTAL SENT: 0
[2026-03-21 13:40:50] DISPATCH START delivery=83 limit=10
[2026-03-21 13:40:50] FIND NEAREST COURIERS: lat=42.868039, lon=74.584923, limit=30, radius=5km
[2026-03-21 13:40:50] REDIS RESULTS: [(67, 0.9319), (62, 0.94), (10, 0.949)]
[2026-03-21 13:40:50] COURIERS AFTER FILTER: [67, 62]
[2026-03-21 13:40:50] COURIER 67 PASSED FILTER, distance=0.9319km
[2026-03-21 13:40:50] COURIER 62 PASSED FILTER, distance=0.94km
[2026-03-21 13:40:50] WARNING: COURIER 10 DID NOT PASS FILTER
[2026-03-21 13:40:50] TOTAL COURIERS RETURNED: 2
[2026-03-21 13:40:50] NEAREST FOUND: [(67, 0.9319), (62, 0.94)]
[2026-03-21 13:40:50] CHECK COURIER id=67 distance=0.9319
[2026-03-21 13:40:50] SKIP courier=67 (already has offer)
[2026-03-21 13:40:50] CHECK COURIER id=62 distance=0.94
[2026-03-21 13:40:50] SKIP courier=62 (already has offer)
[2026-03-21 13:40:50] TOTAL SENT: 0
[2026-03-21 13:41:11] WS CONNECTED: user=67
[2026-03-21 13:41:12] DISPATCH START delivery=84 limit=3
[2026-03-21 13:41:12] FIND NEAREST COURIERS: lat=42.868039, lon=74.584923, limit=9, radius=5km
[2026-03-21 13:41:12] REDIS RESULTS: [(67, 0.9329), (62, 0.94), (10, 0.949)]
[2026-03-21 13:41:12] COURIERS AFTER FILTER: [67, 62]
[2026-03-21 13:41:12] COURIER 67 PASSED FILTER, distance=0.9329km
[2026-03-21 13:41:12] COURIER 62 PASSED FILTER, distance=0.94km
[2026-03-21 13:41:12] WARNING: COURIER 10 DID NOT PASS FILTER
[2026-03-21 13:41:12] TOTAL COURIERS RETURNED: 2
[2026-03-21 13:41:12] NEAREST FOUND: [(67, 0.9329), (62, 0.94)]
[2026-03-21 13:41:12] CHECK COURIER id=67 distance=0.9329
[2026-03-21 13:41:12] SEND OFFER -> courier=67, delivery=84, offer=53
[2026-03-21 13:41:12] NEW OFFER: {'type': 'new_offer', 'offer_kind': 'courier', 'offer_id': 53, 'delivery_id': 84}
[2026-03-21 13:41:12] OFFER SENT id=53 courier=67
[2026-03-21 13:41:12] CHECK COURIER id=62 distance=0.94
[2026-03-21 13:41:12] SEND OFFER -> courier=62, delivery=84, offer=54
[2026-03-21 13:41:12] NEW OFFER: {'type': 'new_offer', 'offer_kind': 'courier', 'offer_id': 54, 'delivery_id': 84}
[2026-03-21 13:41:12] OFFER SENT id=54 courier=62
[2026-03-21 13:41:12] TOTAL SENT: 2
[2026-03-21 13:41:13] WS DISCONNECTED: user_67, code=1000
[2026-03-21 14:00:25] WS DISCONNECTED: user_62, code=1000
[2026-03-21 14:00:32] WS CONNECTED: user=67
[2026-03-21 14:00:35] DISPATCH START delivery=85 limit=3
[2026-03-21 14:00:35] FIND NEAREST COURIERS: lat=42.868039, lon=74.584923, limit=9, radius=5km
[2026-03-21 14:00:35] REDIS RESULTS: [(67, 0.9329), (62, 0.94), (10, 0.949)]
[2026-03-21 14:00:35] COURIERS AFTER FILTER: [67, 62]
[2026-03-21 14:00:35] COURIER 67 PASSED FILTER, distance=0.9329km
[2026-03-21 14:00:35] COURIER 62 PASSED FILTER, distance=0.94km
[2026-03-21 14:00:35] WARNING: COURIER 10 DID NOT PASS FILTER
[2026-03-21 14:00:35] TOTAL COURIERS RETURNED: 2
[2026-03-21 14:00:35] NEAREST FOUND: [(67, 0.9329), (62, 0.94)]
[2026-03-21 14:00:35] CHECK COURIER id=67 distance=0.9329
[2026-03-21 14:00:35] SEND OFFER -> courier=67, delivery=85, offer=55
[2026-03-21 14:00:35] NEW OFFER: {'type': 'new_offer', 'offer_kind': 'courier', 'offer_id': 55, 'delivery_id': 85}
[2026-03-21 14:00:35] OFFER SENT id=55 courier=67
[2026-03-21 14:00:35] CHECK COURIER id=62 distance=0.94
[2026-03-21 14:00:35] SEND OFFER -> courier=62, delivery=85, offer=56
[2026-03-21 14:00:35] OFFER SENT id=56 courier=62
[2026-03-21 14:00:35] TOTAL SENT: 2
[2026-03-21 14:00:50] DISPATCH START delivery=85 limit=5
[2026-03-21 14:00:50] FIND NEAREST COURIERS: lat=42.868039, lon=74.584923, limit=15, radius=5km
[2026-03-21 14:00:50] REDIS RESULTS: [(67, 0.9329), (62, 0.94), (10, 0.949)]
[2026-03-21 14:00:50] COURIERS AFTER FILTER: [67, 62]
[2026-03-21 14:00:50] COURIER 67 PASSED FILTER, distance=0.9329km
[2026-03-21 14:00:50] COURIER 62 PASSED FILTER, distance=0.94km
[2026-03-21 14:00:50] WARNING: COURIER 10 DID NOT PASS FILTER
[2026-03-21 14:00:50] TOTAL COURIERS RETURNED: 2
[2026-03-21 14:00:50] NEAREST FOUND: [(67, 0.9329), (62, 0.94)]
[2026-03-21 14:00:50] CHECK COURIER id=67 distance=0.9329
[2026-03-21 14:00:50] SKIP courier=67 (already has offer)
[2026-03-21 14:00:50] CHECK COURIER id=62 distance=0.94
[2026-03-21 14:00:50] SKIP courier=62 (already has offer)
[2026-03-21 14:00:50] TOTAL SENT: 0
[2026-03-21 14:00:50] DISPATCH START delivery=85 limit=10
[2026-03-21 14:00:50] FIND NEAREST COURIERS: lat=42.868039, lon=74.584923, limit=30, radius=5km
[2026-03-21 14:00:50] REDIS RESULTS: [(67, 0.9329), (62, 0.94), (10, 0.949)]
[2026-03-21 14:00:50] COURIERS AFTER FILTER: [67, 62]
[2026-03-21 14:00:50] COURIER 67 PASSED FILTER, distance=0.9329km
[2026-03-21 14:00:50] COURIER 62 PASSED FILTER, distance=0.94km
[2026-03-21 14:00:50] WARNING: COURIER 10 DID NOT PASS FILTER
[2026-03-21 14:00:50] TOTAL COURIERS RETURNED: 2
[2026-03-21 14:00:50] NEAREST FOUND: [(67, 0.9329), (62, 0.94)]
[2026-03-21 14:00:50] CHECK COURIER id=67 distance=0.9329
[2026-03-21 14:00:50] SKIP courier=67 (already has offer)
[2026-03-21 14:00:50] CHECK COURIER id=62 distance=0.94
[2026-03-21 14:00:50] SKIP courier=62 (already has offer)
[2026-03-21 14:00:50] TOTAL SENT: 0
[2026-03-21 14:01:04] DISPATCH START delivery=86 limit=3
[2026-03-21 14:01:04] FIND NEAREST COURIERS: lat=42.868039, lon=74.584923, limit=9, radius=5km
[2026-03-21 14:01:04] REDIS RESULTS: [(67, 0.9329), (62, 0.94), (10, 0.949)]
[2026-03-21 14:01:04] COURIERS AFTER FILTER: [67, 62]
[2026-03-21 14:01:04] COURIER 67 PASSED FILTER, distance=0.9329km
[2026-03-21 14:01:04] COURIER 62 PASSED FILTER, distance=0.94km
[2026-03-21 14:01:04] WARNING: COURIER 10 DID NOT PASS FILTER
[2026-03-21 14:01:04] TOTAL COURIERS RETURNED: 2
[2026-03-21 14:01:04] NEAREST FOUND: [(67, 0.9329), (62, 0.94)]
[2026-03-21 14:01:04] CHECK COURIER id=67 distance=0.9329
[2026-03-21 14:01:04] SEND OFFER -> courier=67, delivery=86, offer=57
[2026-03-21 14:01:04] NEW OFFER: {'type': 'new_offer', 'offer_kind': 'courier', 'offer_id': 57, 'delivery_id': 86}
[2026-03-21 14:01:04] OFFER SENT id=57 courier=67
[2026-03-21 14:01:04] CHECK COURIER id=62 distance=0.94
[2026-03-21 14:01:04] SEND OFFER -> courier=62, delivery=86, offer=58
[2026-03-21 14:01:04] OFFER SENT id=58 courier=62
[2026-03-21 14:01:04] TOTAL SENT: 2
[2026-03-21 14:13:38] DISPATCH START delivery=87 limit=3
[2026-03-21 14:13:38] FIND NEAREST COURIERS: lat=42.868039, lon=74.584923, limit=9, radius=5km
[2026-03-21 14:13:38] REDIS RESULTS: [(67, 0.9329), (62, 0.94), (10, 0.949)]
[2026-03-21 14:13:38] COURIERS AFTER FILTER: [62]
[2026-03-21 14:13:38] WARNING: COURIER 67 DID NOT PASS FILTER
[2026-03-21 14:13:38] COURIER 62 PASSED FILTER, distance=0.94km
[2026-03-21 14:13:38] WARNING: COURIER 10 DID NOT PASS FILTER
[2026-03-21 14:13:38] TOTAL COURIERS RETURNED: 1
[2026-03-21 14:13:38] NEAREST FOUND: [(62, 0.94)]
[2026-03-21 14:13:38] CHECK COURIER id=62 distance=0.94
[2026-03-21 14:13:38] SEND OFFER -> courier=62, delivery=87, offer=59
[2026-03-21 14:13:38] OFFER SENT id=59 courier=62
[2026-03-21 14:13:38] TOTAL SENT: 1
[2026-03-21 14:13:48] DISPATCH START delivery=88 limit=3
[2026-03-21 14:13:48] FIND NEAREST COURIERS: lat=42.868039, lon=74.584923, limit=9, radius=5km
[2026-03-21 14:13:48] REDIS RESULTS: [(67, 0.9329), (62, 0.94), (10, 0.949)]
[2026-03-21 14:13:48] COURIERS AFTER FILTER: [67, 62]
[2026-03-21 14:13:48] COURIER 67 PASSED FILTER, distance=0.9329km
[2026-03-21 14:13:48] COURIER 62 PASSED FILTER, distance=0.94km
[2026-03-21 14:13:48] WARNING: COURIER 10 DID NOT PASS FILTER
[2026-03-21 14:13:48] TOTAL COURIERS RETURNED: 2
[2026-03-21 14:13:48] NEAREST FOUND: [(67, 0.9329), (62, 0.94)]
[2026-03-21 14:13:48] CHECK COURIER id=67 distance=0.9329
[2026-03-21 14:13:48] SEND OFFER -> courier=67, delivery=88, offer=60
[2026-03-21 14:13:48] OFFER SENT id=60 courier=67
[2026-03-21 14:13:48] CHECK COURIER id=62 distance=0.94
[2026-03-21 14:13:48] NEW OFFER: {'type': 'new_offer', 'offer_kind': 'courier', 'offer_id': 60, 'delivery_id': 88}
[2026-03-21 14:13:48] SEND OFFER -> courier=62, delivery=88, offer=61
[2026-03-21 14:13:48] OFFER SENT id=61 courier=62
[2026-03-21 14:13:48] TOTAL SENT: 2
[2026-03-21 14:13:53] DISPATCH START delivery=87 limit=5
[2026-03-21 14:13:53] FIND NEAREST COURIERS: lat=42.868039, lon=74.584923, limit=15, radius=5km
[2026-03-21 14:13:53] REDIS RESULTS: [(67, 0.9329), (62, 0.94), (10, 0.949)]
[2026-03-21 14:13:53] COURIERS AFTER FILTER: [67, 62]
[2026-03-21 14:13:53] COURIER 67 PASSED FILTER, distance=0.9329km
[2026-03-21 14:13:53] COURIER 62 PASSED FILTER, distance=0.94km
[2026-03-21 14:13:53] WARNING: COURIER 10 DID NOT PASS FILTER
[2026-03-21 14:13:53] TOTAL COURIERS RETURNED: 2
[2026-03-21 14:13:53] NEAREST FOUND: [(67, 0.9329), (62, 0.94)]
[2026-03-21 14:13:53] CHECK COURIER id=67 distance=0.9329
[2026-03-21 14:13:53] SEND OFFER -> courier=67, delivery=87, offer=62
[2026-03-21 14:13:53] NEW OFFER: {'type': 'new_offer', 'offer_kind': 'courier', 'offer_id': 62, 'delivery_id': 87}
[2026-03-21 14:13:53] OFFER SENT id=62 courier=67
[2026-03-21 14:13:53] CHECK COURIER id=62 distance=0.94
[2026-03-21 14:13:53] SKIP courier=62 (already has offer)
[2026-03-21 14:13:53] TOTAL SENT: 1
[2026-03-21 14:14:03] DISPATCH START delivery=88 limit=5
[2026-03-21 14:14:03] FIND NEAREST COURIERS: lat=42.868039, lon=74.584923, limit=15, radius=5km
[2026-03-21 14:14:03] REDIS RESULTS: [(67, 0.9329), (62, 0.94), (10, 0.949)]
[2026-03-21 14:14:03] COURIERS AFTER FILTER: [67, 62]
[2026-03-21 14:14:03] COURIER 67 PASSED FILTER, distance=0.9329km
[2026-03-21 14:14:03] COURIER 62 PASSED FILTER, distance=0.94km
[2026-03-21 14:14:03] WARNING: COURIER 10 DID NOT PASS FILTER
[2026-03-21 14:14:03] TOTAL COURIERS RETURNED: 2
[2026-03-21 14:14:03] NEAREST FOUND: [(67, 0.9329), (62, 0.94)]
[2026-03-21 14:14:03] CHECK COURIER id=67 distance=0.9329
[2026-03-21 14:14:03] SKIP courier=67 (already has offer)
[2026-03-21 14:14:03] CHECK COURIER id=62 distance=0.94
[2026-03-21 14:14:03] SKIP courier=62 (already has offer)
[2026-03-21 14:14:03] TOTAL SENT: 0
[2026-03-21 14:14:03] DISPATCH START delivery=88 limit=10
[2026-03-21 14:14:03] FIND NEAREST COURIERS: lat=42.868039, lon=74.584923, limit=30, radius=5km
[2026-03-21 14:14:03] REDIS RESULTS: [(67, 0.9329), (62, 0.94), (10, 0.949)]
[2026-03-21 14:14:03] COURIERS AFTER FILTER: [67, 62]
[2026-03-21 14:14:03] COURIER 67 PASSED FILTER, distance=0.9329km
[2026-03-21 14:14:03] COURIER 62 PASSED FILTER, distance=0.94km
[2026-03-21 14:14:03] WARNING: COURIER 10 DID NOT PASS FILTER
[2026-03-21 14:14:03] TOTAL COURIERS RETURNED: 2
[2026-03-21 14:14:03] NEAREST FOUND: [(67, 0.9329), (62, 0.94)]
[2026-03-21 14:14:03] CHECK COURIER id=67 distance=0.9329
[2026-03-21 14:14:03] SKIP courier=67 (already has offer)
[2026-03-21 14:14:03] CHECK COURIER id=62 distance=0.94
[2026-03-21 14:14:03] SKIP courier=62 (already has offer)
[2026-03-21 14:14:03] TOTAL SENT: 0
[2026-03-21 15:16:00] WS CONNECTED: user=67
[2026-03-21 15:16:12] DISPATCH START delivery=89 limit=3
[2026-03-21 15:16:12] FIND NEAREST COURIERS: lat=42.868039, lon=74.584923, limit=9, radius=5km
[2026-03-21 15:16:12] REDIS RESULTS: [(67, 0.9386), (62, 0.94), (10, 0.949)]
[2026-03-21 15:16:12] COURIERS AFTER FILTER: [67, 62]
[2026-03-21 15:16:12] COURIER 67 PASSED FILTER, distance=0.9386km
[2026-03-21 15:16:12] COURIER 62 PASSED FILTER, distance=0.94km
[2026-03-21 15:16:12] WARNING: COURIER 10 DID NOT PASS FILTER
[2026-03-21 15:16:12] TOTAL COURIERS RETURNED: 2
[2026-03-21 15:16:12] NEAREST FOUND: [(67, 0.9386), (62, 0.94)]
[2026-03-21 15:16:12] CHECK COURIER id=67 distance=0.9386
[2026-03-21 15:16:12] SEND OFFER -> courier=67, delivery=89, offer=63
[2026-03-21 15:16:12] OFFER SENT id=63 courier=67
[2026-03-21 15:16:12] CHECK COURIER id=62 distance=0.94
[2026-03-21 15:16:12] NEW OFFER: {'type': 'new_offer', 'offer_kind': 'courier', 'offer_id': 63, 'delivery_id': 89}
[2026-03-21 15:16:12] NEW OFFER: {'type': 'new_offer', 'offer_kind': 'courier', 'offer_id': 63, 'delivery_id': 89}
[2026-03-21 15:16:12] SEND OFFER -> courier=62, delivery=89, offer=64
[2026-03-21 15:16:12] OFFER SENT id=64 courier=62
[2026-03-21 15:16:12] TOTAL SENT: 2
[2026-03-21 15:16:13] WS DISCONNECTED: user_67, code=1000
[2026-03-21 15:21:14] WS CONNECTED: user=67
[2026-03-21 15:26:05] WS DISCONNECTED: user_67, code=1000
[2026-03-21 15:26:06] WS CONNECTED: user=67
[2026-03-21 15:27:33] WS DISCONNECTED: user_67, code=1001
[2026-03-21 15:34:11] WS CONNECTED: user=67
[2026-03-21 15:34:41] TAXI DISPATCH START ride=32 limit=1
[2026-03-21 15:34:41] FIND NEAREST DRIVERS: lat=42.868039, lon=74.584923, limit=3, radius=5km
[2026-03-21 15:34:41] REDIS RESULTS: [(10, 0.9096), (62, 0.9255), (67, 0.9269)]
[2026-03-21 15:34:41] DRIVERS AFTER FILTER: [62]
[2026-03-21 15:34:41] WARNING: DRIVER 10 DID NOT PASS FILTER
[2026-03-21 15:34:41] DRIVER 62 PASSED FILTER, distance=0.9255km
[2026-03-21 15:34:41] WARNING: DRIVER 67 DID NOT PASS FILTER
[2026-03-21 15:34:41] TOTAL DRIVERS RETURNED: 1
[2026-03-21 15:34:41] TAXI TOTAL SENT: 1
[2026-03-21 15:34:53] TAXI DISPATCH START ride=32 limit=2
[2026-03-21 15:34:53] FIND NEAREST DRIVERS: lat=42.868039, lon=74.584923, limit=6, radius=5km
[2026-03-21 15:34:53] REDIS RESULTS: [(10, 0.9096), (62, 0.9255), (67, 0.9269)]
[2026-03-21 15:34:53] DRIVERS AFTER FILTER: [62]
[2026-03-21 15:34:53] WARNING: DRIVER 10 DID NOT PASS FILTER
[2026-03-21 15:34:53] DRIVER 62 PASSED FILTER, distance=0.9255km
[2026-03-21 15:34:53] WARNING: DRIVER 67 DID NOT PASS FILTER
[2026-03-21 15:34:53] TOTAL DRIVERS RETURNED: 1
[2026-03-21 15:34:53] TAXI TOTAL SENT: 0
[2026-03-21 15:34:53] TAXI DISPATCH START ride=32 limit=3
[2026-03-21 15:34:53] FIND NEAREST DRIVERS: lat=42.868039, lon=74.584923, limit=9, radius=5km
[2026-03-21 15:34:53] REDIS RESULTS: [(10, 0.9096), (62, 0.9255), (67, 0.9269)]
[2026-03-21 15:34:53] DRIVERS AFTER FILTER: [62]
[2026-03-21 15:34:53] WARNING: DRIVER 10 DID NOT PASS FILTER
[2026-03-21 15:34:53] DRIVER 62 PASSED FILTER, distance=0.9255km
[2026-03-21 15:34:53] WARNING: DRIVER 67 DID NOT PASS FILTER
[2026-03-21 15:34:53] TOTAL DRIVERS RETURNED: 1
[2026-03-21 15:34:53] TAXI TOTAL SENT: 0
[2026-03-21 15:35:32] WS DISCONNECTED: user_67, code=1000
[2026-03-21 15:36:50] WS CONNECTED: user=62
[2026-03-21 15:36:58] WS DISCONNECTED: user_62, code=1000
[2026-03-21 15:37:20] WS CONNECTED: user=62
[2026-03-21 15:37:23] WS DISCONNECTED: user_62, code=1000
[2026-03-21 15:37:26] WS CONNECTED: user=62
[2026-03-21 15:38:19] WS DISCONNECTED: user_62, code=1000
[2026-03-21 15:38:20] WS CONNECTED: user=62
[2026-03-21 15:38:24] WS DISCONNECTED: user_62, code=1000
[2026-03-21 15:38:44] WS CONNECTED: user=62
[2026-03-21 15:38:51] WS DISCONNECTED: user_62, code=1000
[2026-03-21 15:39:30] WS CONNECTED: user=62
[2026-03-21 15:41:02] WS DISCONNECTED: user_62, code=1000
[2026-03-21 15:43:03] WS CONNECTED: user=62
[2026-03-21 15:43:03] WS CONNECTED: user=62
[2026-03-21 15:43:09] TAXI DISPATCH START ride=33 limit=1
[2026-03-21 15:43:09] FIND NEAREST DRIVERS: lat=42.868039, lon=74.584923, limit=3, radius=5km
[2026-03-21 15:43:09] REDIS RESULTS: [(10, 0.9096), (67, 0.9269), (62, 0.9602)]
[2026-03-21 15:43:09] DRIVERS AFTER FILTER: [62]
[2026-03-21 15:43:09] WARNING: DRIVER 10 DID NOT PASS FILTER
[2026-03-21 15:43:09] WARNING: DRIVER 67 DID NOT PASS FILTER
[2026-03-21 15:43:09] DRIVER 62 PASSED FILTER, distance=0.9602km
[2026-03-21 15:43:09] TOTAL DRIVERS RETURNED: 1
[2026-03-21 15:43:09] TAXI TOTAL SENT: 1
[2026-03-21 15:43:09] NEW OFFER: {'type': 'new_offer', 'offer_kind': 'taxi', 'offer_id': 16, 'ride_id': 33}
[2026-03-21 15:43:09] NEW OFFER: {'type': 'new_offer', 'offer_kind': 'taxi', 'offer_id': 16, 'ride_id': 33}
[2026-03-21 15:43:10] WS DISCONNECTED: user_62, code=1000
[2026-03-21 15:43:10] WS DISCONNECTED: user_62, code=1000
[2026-03-21 15:43:21] TAXI DISPATCH START ride=33 limit=2
[2026-03-21 15:43:21] FIND NEAREST DRIVERS: lat=42.868039, lon=74.584923, limit=6, radius=5km
[2026-03-21 15:43:21] REDIS RESULTS: [(10, 0.9096), (67, 0.9269), (62, 0.9602)]
[2026-03-21 15:43:21] DRIVERS AFTER FILTER: [62]
[2026-03-21 15:43:21] WARNING: DRIVER 10 DID NOT PASS FILTER
[2026-03-21 15:43:21] WARNING: DRIVER 67 DID NOT PASS FILTER
[2026-03-21 15:43:21] DRIVER 62 PASSED FILTER, distance=0.9602km
[2026-03-21 15:43:21] TOTAL DRIVERS RETURNED: 1
[2026-03-21 15:43:21] TAXI TOTAL SENT: 0
[2026-03-21 15:43:21] TAXI DISPATCH START ride=33 limit=3
[2026-03-21 15:43:21] FIND NEAREST DRIVERS: lat=42.868039, lon=74.584923, limit=9, radius=5km
[2026-03-21 15:43:21] REDIS RESULTS: [(10, 0.9096), (67, 0.9269), (62, 0.9602)]
[2026-03-21 15:43:21] DRIVERS AFTER FILTER: [62]
[2026-03-21 15:43:21] WARNING: DRIVER 10 DID NOT PASS FILTER
[2026-03-21 15:43:21] WARNING: DRIVER 67 DID NOT PASS FILTER
[2026-03-21 15:43:21] DRIVER 62 PASSED FILTER, distance=0.9602km
[2026-03-21 15:43:21] TOTAL DRIVERS RETURNED: 1
[2026-03-21 15:43:21] TAXI TOTAL SENT: 0
[2026-03-21 15:44:16] WS CONNECTED: user=62
[2026-03-21 15:44:16] WS CONNECTED: user=62
[2026-03-21 15:44:26] TAXI DISPATCH START ride=34 limit=1
[2026-03-21 15:44:26] FIND NEAREST DRIVERS: lat=42.868039, lon=74.584923, limit=3, radius=5km
[2026-03-21 15:44:26] REDIS RESULTS: [(10, 0.9096), (67, 0.9269), (62, 0.9457)]
[2026-03-21 15:44:26] DRIVERS AFTER FILTER: [62]
[2026-03-21 15:44:26] WARNING: DRIVER 10 DID NOT PASS FILTER
[2026-03-21 15:44:26] WARNING: DRIVER 67 DID NOT PASS FILTER
[2026-03-21 15:44:26] DRIVER 62 PASSED FILTER, distance=0.9457km
[2026-03-21 15:44:26] TOTAL DRIVERS RETURNED: 1
[2026-03-21 15:44:26] TAXI TOTAL SENT: 1
[2026-03-21 15:44:26] NEW OFFER: {'type': 'new_offer', 'offer_kind': 'taxi', 'offer_id': 17, 'ride_id': 34}
[2026-03-21 15:44:26] NEW OFFER: {'type': 'new_offer', 'offer_kind': 'taxi', 'offer_id': 17, 'ride_id': 34}
[2026-03-21 15:44:27] WS DISCONNECTED: user_62, code=1000
[2026-03-21 15:44:27] WS DISCONNECTED: user_62, code=1000
[2026-03-21 16:26:17] TAXI DISPATCH START ride=35 limit=1
[2026-03-21 16:26:17] FIND NEAREST DRIVERS: lat=42.868039, lon=74.584923, limit=3, radius=5km
[2026-03-21 16:26:17] REDIS RESULTS: [(10, 0.9096), (67, 0.9269), (62, 0.9457)]
[2026-03-21 16:26:17] DRIVERS AFTER FILTER: []
[2026-03-21 16:26:17] WARNING: DRIVER 10 DID NOT PASS FILTER
[2026-03-21 16:26:17] WARNING: DRIVER 67 DID NOT PASS FILTER
[2026-03-21 16:26:17] WARNING: DRIVER 62 DID NOT PASS FILTER
[2026-03-21 16:26:17] TOTAL DRIVERS RETURNED: 0
[2026-03-21 16:26:17] TAXI TOTAL SENT: 0
[2026-03-21 16:26:17] TAXI DISPATCH START ride=35 limit=2
[2026-03-21 16:26:17] FIND NEAREST DRIVERS: lat=42.868039, lon=74.584923, limit=6, radius=5km
[2026-03-21 16:26:17] REDIS RESULTS: [(10, 0.9096), (67, 0.9269), (62, 0.9457)]
[2026-03-21 16:26:17] DRIVERS AFTER FILTER: []
[2026-03-21 16:26:17] WARNING: DRIVER 10 DID NOT PASS FILTER
[2026-03-21 16:26:17] WARNING: DRIVER 67 DID NOT PASS FILTER
[2026-03-21 16:26:17] WARNING: DRIVER 62 DID NOT PASS FILTER
[2026-03-21 16:26:17] TOTAL DRIVERS RETURNED: 0
[2026-03-21 16:26:17] TAXI TOTAL SENT: 0
[2026-03-21 16:26:17] TAXI DISPATCH START ride=35 limit=3
[2026-03-21 16:26:17] FIND NEAREST DRIVERS: lat=42.868039, lon=74.584923, limit=9, radius=5km
[2026-03-21 16:26:17] REDIS RESULTS: [(10, 0.9096), (67, 0.9269), (62, 0.9457)]
[2026-03-21 16:26:17] DRIVERS AFTER FILTER: []
[2026-03-21 16:26:17] WARNING: DRIVER 10 DID NOT PASS FILTER
[2026-03-21 16:26:17] WARNING: DRIVER 67 DID NOT PASS FILTER
[2026-03-21 16:26:17] WARNING: DRIVER 62 DID NOT PASS FILTER
[2026-03-21 16:26:17] TOTAL DRIVERS RETURNED: 0
[2026-03-21 16:26:17] TAXI TOTAL SENT: 0
[2026-03-21 16:43:17] WS DISCONNECTED: user_67, code=1000
[2026-03-21 16:43:30] WS CONNECTED: user=62
[2026-03-21 16:43:58] WS DISCONNECTED: user_62, code=1000
[2026-03-21 16:43:59] WS CONNECTED: user=62
[2026-03-21 16:44:02] TAXI DISPATCH START ride=36 limit=1
[2026-03-21 16:44:02] FIND NEAREST DRIVERS: lat=42.868039, lon=74.584923, limit=3, radius=5km
[2026-03-21 16:44:02] REDIS RESULTS: [(10, 0.9096), (67, 0.9269), (62, 0.9457)]
[2026-03-21 16:44:02] DRIVERS AFTER FILTER: [62]
[2026-03-21 16:44:02] WARNING: DRIVER 10 DID NOT PASS FILTER
[2026-03-21 16:44:02] WARNING: DRIVER 67 DID NOT PASS FILTER
[2026-03-21 16:44:02] DRIVER 62 PASSED FILTER, distance=0.9457km
[2026-03-21 16:44:02] TOTAL DRIVERS RETURNED: 1
[2026-03-21 16:44:02] TAXI TOTAL SENT: 1
[2026-03-21 16:44:02] NEW OFFER: {'type': 'new_offer', 'offer_kind': 'taxi', 'offer_id': 18, 'ride_id': 36}
[2026-03-21 16:44:14] TAXI DISPATCH START ride=36 limit=2
[2026-03-21 16:44:14] FIND NEAREST DRIVERS: lat=42.868039, lon=74.584923, limit=6, radius=5km
[2026-03-21 16:44:14] REDIS RESULTS: [(10, 0.9096), (67, 0.9269), (62, 0.9457)]
[2026-03-21 16:44:14] DRIVERS AFTER FILTER: [62]
[2026-03-21 16:44:14] WARNING: DRIVER 10 DID NOT PASS FILTER
[2026-03-21 16:44:14] WARNING: DRIVER 67 DID NOT PASS FILTER
[2026-03-21 16:44:14] DRIVER 62 PASSED FILTER, distance=0.9457km
[2026-03-21 16:44:14] TOTAL DRIVERS RETURNED: 1
[2026-03-21 16:44:14] TAXI TOTAL SENT: 0
[2026-03-21 16:44:14] TAXI DISPATCH START ride=36 limit=3
[2026-03-21 16:44:14] FIND NEAREST DRIVERS: lat=42.868039, lon=74.584923, limit=9, radius=5km
[2026-03-21 16:44:14] REDIS RESULTS: [(10, 0.9096), (67, 0.9269), (62, 0.9457)]
[2026-03-21 16:44:14] DRIVERS AFTER FILTER: [62]
[2026-03-21 16:44:14] WARNING: DRIVER 10 DID NOT PASS FILTER
[2026-03-21 16:44:14] WARNING: DRIVER 67 DID NOT PASS FILTER
[2026-03-21 16:44:14] DRIVER 62 PASSED FILTER, distance=0.9457km
[2026-03-21 16:44:14] TOTAL DRIVERS RETURNED: 1
[2026-03-21 16:44:14] TAXI TOTAL SENT: 0
[2026-03-21 16:44:32] TAXI DISPATCH START ride=37 limit=1
[2026-03-21 16:44:32] FIND NEAREST DRIVERS: lat=42.868039, lon=74.584923, limit=3, radius=5km
[2026-03-21 16:44:32] REDIS RESULTS: [(10, 0.9096), (67, 0.9269), (62, 0.9457)]
[2026-03-21 16:44:32] DRIVERS AFTER FILTER: [62]
[2026-03-21 16:44:32] WARNING: DRIVER 10 DID NOT PASS FILTER
[2026-03-21 16:44:32] WARNING: DRIVER 67 DID NOT PASS FILTER
[2026-03-21 16:44:32] DRIVER 62 PASSED FILTER, distance=0.9457km
[2026-03-21 16:44:32] TOTAL DRIVERS RETURNED: 1
[2026-03-21 16:44:32] TAXI TOTAL SENT: 1
[2026-03-21 16:44:32] NEW OFFER: {'type': 'new_offer', 'offer_kind': 'taxi', 'offer_id': 19, 'ride_id': 37}
[2026-03-21 16:48:46] TAXI DISPATCH START ride=38 limit=1
[2026-03-21 16:48:46] FIND NEAREST DRIVERS: lat=42.868039, lon=74.584923, limit=3, radius=5km
[2026-03-21 16:48:46] REDIS RESULTS: [(10, 0.9096), (67, 0.9269), (62, 0.9457)]
[2026-03-21 16:48:46] DRIVERS AFTER FILTER: [62]
[2026-03-21 16:48:46] WARNING: DRIVER 10 DID NOT PASS FILTER
[2026-03-21 16:48:46] WARNING: DRIVER 67 DID NOT PASS FILTER
[2026-03-21 16:48:46] DRIVER 62 PASSED FILTER, distance=0.9457km
[2026-03-21 16:48:46] TOTAL DRIVERS RETURNED: 1
[2026-03-21 16:48:46] TAXI TOTAL SENT: 1
[2026-03-21 16:48:46] NEW OFFER: {'type': 'new_offer', 'offer_kind': 'taxi', 'offer_id': 20, 'ride_id': 38}
[2026-03-21 16:48:58] TAXI DISPATCH START ride=38 limit=2
[2026-03-21 16:48:58] FIND NEAREST DRIVERS: lat=42.868039, lon=74.584923, limit=6, radius=5km
[2026-03-21 16:48:58] REDIS RESULTS: [(10, 0.9096), (67, 0.9269), (62, 0.9457)]
[2026-03-21 16:48:58] DRIVERS AFTER FILTER: [62]
[2026-03-21 16:48:58] WARNING: DRIVER 10 DID NOT PASS FILTER
[2026-03-21 16:48:58] WARNING: DRIVER 67 DID NOT PASS FILTER
[2026-03-21 16:48:58] DRIVER 62 PASSED FILTER, distance=0.9457km
[2026-03-21 16:48:58] TOTAL DRIVERS RETURNED: 1
[2026-03-21 16:48:58] TAXI TOTAL SENT: 0
[2026-03-21 16:48:58] TAXI DISPATCH START ride=38 limit=3
[2026-03-21 16:48:58] FIND NEAREST DRIVERS: lat=42.868039, lon=74.584923, limit=9, radius=5km
[2026-03-21 16:48:58] REDIS RESULTS: [(10, 0.9096), (67, 0.9269), (62, 0.9457)]
[2026-03-21 16:48:58] DRIVERS AFTER FILTER: [62]
[2026-03-21 16:48:58] WARNING: DRIVER 10 DID NOT PASS FILTER
[2026-03-21 16:48:58] WARNING: DRIVER 67 DID NOT PASS FILTER
[2026-03-21 16:48:58] DRIVER 62 PASSED FILTER, distance=0.9457km
[2026-03-21 16:48:58] TOTAL DRIVERS RETURNED: 1
[2026-03-21 16:48:58] TAXI TOTAL SENT: 0
[2026-03-21 16:50:26] WS DISCONNECTED: user_62, code=1000
[2026-03-21 16:51:08] WS CONNECTED: user=62
[2026-03-21 16:55:14] WS CONNECTED: user=62
[2026-03-21 16:55:14] WS CONNECTED: user=62
[2026-03-21 16:55:22] TAXI DISPATCH START ride=39 limit=1
[2026-03-21 16:55:22] FIND NEAREST DRIVERS: lat=42.868039, lon=74.584923, limit=3, radius=5km
[2026-03-21 16:55:22] REDIS RESULTS: [(10, 0.9096), (67, 0.9269), (62, 0.9352)]
[2026-03-21 16:55:22] DRIVERS AFTER FILTER: [62]
[2026-03-21 16:55:22] WARNING: DRIVER 10 DID NOT PASS FILTER
[2026-03-21 16:55:22] WARNING: DRIVER 67 DID NOT PASS FILTER
[2026-03-21 16:55:22] DRIVER 62 PASSED FILTER, distance=0.9352km
[2026-03-21 16:55:22] TOTAL DRIVERS RETURNED: 1
[2026-03-21 16:55:22] NEW OFFER: {'type': 'new_offer', 'offer_kind': 'taxi', 'offer_id': 21, 'ride_id': 39}
[2026-03-21 16:55:22] TAXI TOTAL SENT: 1
[2026-03-21 16:55:22] NEW OFFER: {'type': 'new_offer', 'offer_kind': 'taxi', 'offer_id': 21, 'ride_id': 39}
[2026-03-21 16:55:22] NEW OFFER: {'type': 'new_offer', 'offer_kind': 'taxi', 'offer_id': 21, 'ride_id': 39}
[2026-03-21 16:55:22] WS DISCONNECTED: user_62, code=1000
[2026-03-21 16:55:22] WS DISCONNECTED: user_62, code=1000
[2026-03-21 16:58:11] WS CONNECTED: user=62
[2026-03-21 16:58:11] WS CONNECTED: user=62
[2026-03-21 16:58:22] TAXI DISPATCH START ride=40 limit=1
[2026-03-21 16:58:22] FIND NEAREST DRIVERS: lat=42.868039, lon=74.584923, limit=3, radius=5km
[2026-03-21 16:58:22] REDIS RESULTS: [(10, 0.9096), (67, 0.9269), (62, 0.9308)]
[2026-03-21 16:58:22] DRIVERS AFTER FILTER: [62]
[2026-03-21 16:58:22] WARNING: DRIVER 10 DID NOT PASS FILTER
[2026-03-21 16:58:22] WARNING: DRIVER 67 DID NOT PASS FILTER
[2026-03-21 16:58:22] DRIVER 62 PASSED FILTER, distance=0.9308km
[2026-03-21 16:58:22] TOTAL DRIVERS RETURNED: 1
[2026-03-21 16:58:22] TAXI TOTAL SENT: 1
[2026-03-21 16:58:22] NEW OFFER: {'type': 'new_offer', 'offer_kind': 'taxi', 'offer_id': 22, 'ride_id': 40}
[2026-03-21 16:58:22] NEW OFFER: {'type': 'new_offer', 'offer_kind': 'taxi', 'offer_id': 22, 'ride_id': 40}
[2026-03-21 16:58:22] NEW OFFER: {'type': 'new_offer', 'offer_kind': 'taxi', 'offer_id': 22, 'ride_id': 40}
[2026-03-21 16:58:22] WS DISCONNECTED: user_62, code=1000
[2026-03-21 16:58:22] WS DISCONNECTED: user_62, code=1000
[2026-03-21 16:59:05] WS CONNECTED: user=62
[2026-03-21 16:59:05] WS CONNECTED: user=62
[2026-03-21 17:00:18] WS DISCONNECTED: user_62, code=1000
[2026-03-21 17:00:18] WS DISCONNECTED: user_62, code=1000
[2026-03-21 17:04:43] WS CONNECTED: user=62
[2026-03-21 17:04:43] WS CONNECTED: user=62
[2026-03-21 17:06:11] WS DISCONNECTED: user_62, code=1000
[2026-03-21 17:06:11] WS DISCONNECTED: user_62, code=1000
[2026-03-21 17:06:12] WS CONNECTED: user=62
[2026-03-21 17:06:12] WS CONNECTED: user=62
[2026-03-21 17:06:23] WS DISCONNECTED: user_62, code=1000
[2026-03-21 17:06:23] WS DISCONNECTED: user_62, code=1000
[2026-03-21 17:06:23] WS CONNECTED: user=62
[2026-03-21 17:06:23] WS CONNECTED: user=62
[2026-03-21 17:06:47] WS DISCONNECTED: user_62, code=1000
[2026-03-21 17:06:47] WS DISCONNECTED: user_62, code=1000
[2026-03-21 17:06:47] WS CONNECTED: user=62
[2026-03-21 17:06:47] WS CONNECTED: user=62
[2026-03-21 17:06:51] WS DISCONNECTED: user_62, code=1000
[2026-03-21 17:06:51] WS DISCONNECTED: user_62, code=1000
[2026-03-21 17:06:51] WS CONNECTED: user=62
[2026-03-21 17:06:51] WS CONNECTED: user=62
[2026-03-21 17:07:04] WS DISCONNECTED: user_62, code=1000
[2026-03-21 17:07:04] WS DISCONNECTED: user_62, code=1000
[2026-03-21 17:07:04] WS CONNECTED: user=62
[2026-03-21 17:07:04] WS CONNECTED: user=62
[2026-03-21 17:07:21] WS DISCONNECTED: user_62, code=1000
[2026-03-21 17:07:21] WS DISCONNECTED: user_62, code=1000
[2026-03-21 17:07:21] WS CONNECTED: user=62
[2026-03-21 17:07:21] WS CONNECTED: user=62
[2026-03-21 17:07:26] WS DISCONNECTED: user_62, code=1000
[2026-03-21 17:07:26] WS DISCONNECTED: user_62, code=1000
[2026-03-21 17:07:26] WS CONNECTED: user=62
[2026-03-21 17:07:26] WS CONNECTED: user=62
[2026-03-21 17:08:28] WS DISCONNECTED: user_62, code=1000
[2026-03-21 17:08:28] WS DISCONNECTED: user_62, code=1000
[2026-03-21 17:08:28] WS CONNECTED: user=62
[2026-03-21 17:08:28] WS CONNECTED: user=62
[2026-03-21 17:08:52] WS DISCONNECTED: user_62, code=1000
[2026-03-21 17:08:52] WS DISCONNECTED: user_62, code=1000
[2026-03-21 17:08:53] WS CONNECTED: user=62
[2026-03-21 17:08:53] WS CONNECTED: user=62
[2026-03-21 17:09:01] WS DISCONNECTED: user_62, code=1000
[2026-03-21 17:09:01] WS DISCONNECTED: user_62, code=1000
[2026-03-21 17:09:01] WS CONNECTED: user=62
[2026-03-21 17:09:01] WS CONNECTED: user=62
[2026-03-21 17:09:26] WS DISCONNECTED: user_62, code=1000
[2026-03-21 17:09:26] WS DISCONNECTED: user_62, code=1000
[2026-03-21 17:09:27] WS CONNECTED: user=62
[2026-03-21 17:09:27] WS CONNECTED: user=62
[2026-03-21 17:09:34] WS DISCONNECTED: user_62, code=1000
[2026-03-21 17:09:34] WS DISCONNECTED: user_62, code=1000
[2026-03-21 17:09:34] WS CONNECTED: user=62
[2026-03-21 17:09:34] WS CONNECTED: user=62
[2026-03-21 17:14:00] WS DISCONNECTED: user_62, code=1000
[2026-03-21 17:14:00] WS DISCONNECTED: user_62, code=1000
[2026-03-21 17:14:00] WS CONNECTED: user=62
[2026-03-21 17:14:00] WS CONNECTED: user=62
[2026-03-21 17:14:07] WS DISCONNECTED: user_62, code=1000
[2026-03-21 17:14:07] WS DISCONNECTED: user_62, code=1000
[2026-03-21 17:14:07] WS CONNECTED: user=62
[2026-03-21 17:14:07] WS CONNECTED: user=62
[2026-03-21 17:14:19] WS DISCONNECTED: user_62, code=1000
[2026-03-21 17:14:19] WS DISCONNECTED: user_62, code=1000
[2026-03-21 17:14:19] WS CONNECTED: user=62
[2026-03-21 17:14:19] WS CONNECTED: user=62
[2026-03-21 17:15:41] WS DISCONNECTED: user_62, code=1000
[2026-03-21 17:15:41] WS DISCONNECTED: user_62, code=1000
[2026-03-21 17:15:41] WS CONNECTED: user=62
[2026-03-21 17:15:41] WS CONNECTED: user=62
[2026-03-21 17:15:52] WS DISCONNECTED: user_62, code=1000
[2026-03-21 17:15:52] WS DISCONNECTED: user_62, code=1000
[2026-03-21 17:15:52] WS CONNECTED: user=62
[2026-03-21 17:15:52] WS CONNECTED: user=62
[2026-03-21 17:16:05] WS DISCONNECTED: user_62, code=1000
[2026-03-21 17:16:05] WS DISCONNECTED: user_62, code=1000
[2026-03-21 17:16:06] WS CONNECTED: user=62
[2026-03-21 17:16:06] WS CONNECTED: user=62
[2026-03-21 17:16:12] WS DISCONNECTED: user_62, code=1000
[2026-03-21 17:16:12] WS DISCONNECTED: user_62, code=1000
[2026-03-21 17:16:13] WS CONNECTED: user=62
[2026-03-21 17:16:13] WS CONNECTED: user=62
[2026-03-21 17:16:23] WS DISCONNECTED: user_62, code=1000
[2026-03-21 17:16:23] WS DISCONNECTED: user_62, code=1000
[2026-03-21 17:16:23] WS CONNECTED: user=62
[2026-03-21 17:16:23] WS CONNECTED: user=62
[2026-03-21 17:18:15] WS DISCONNECTED: user_62, code=1000
[2026-03-21 17:18:15] WS DISCONNECTED: user_62, code=1000
[2026-03-21 17:18:15] WS CONNECTED: user=62
[2026-03-21 17:18:15] WS CONNECTED: user=62
[2026-03-21 17:18:33] WS DISCONNECTED: user_62, code=1000
[2026-03-21 17:18:33] WS DISCONNECTED: user_62, code=1000
[2026-03-21 17:18:33] WS CONNECTED: user=62
[2026-03-21 17:18:33] WS CONNECTED: user=62
[2026-03-21 17:18:46] WS DISCONNECTED: user_62, code=1000
[2026-03-21 17:18:46] WS DISCONNECTED: user_62, code=1000
[2026-03-21 17:18:46] WS CONNECTED: user=62
[2026-03-21 17:18:46] WS CONNECTED: user=62
[2026-03-21 17:19:08] WS DISCONNECTED: user_62, code=1000
[2026-03-21 17:19:08] WS DISCONNECTED: user_62, code=1000
[2026-03-21 17:19:08] WS CONNECTED: user=62
[2026-03-21 17:19:08] WS CONNECTED: user=62
[2026-03-21 17:19:30] WS DISCONNECTED: user_62, code=1000
[2026-03-21 17:19:30] WS DISCONNECTED: user_62, code=1000
[2026-03-21 17:19:30] WS CONNECTED: user=62
[2026-03-21 17:19:30] WS CONNECTED: user=62
[2026-03-21 17:19:42] WS DISCONNECTED: user_62, code=1000
[2026-03-21 17:19:42] WS DISCONNECTED: user_62, code=1000
[2026-03-21 17:19:42] WS CONNECTED: user=62
[2026-03-21 17:19:42] WS CONNECTED: user=62
[2026-03-21 17:20:35] WS DISCONNECTED: user_62, code=1000
[2026-03-21 17:20:35] WS DISCONNECTED: user_62, code=1000
[2026-03-21 17:21:11] WS CONNECTED: user=62
[2026-03-21 17:21:11] WS CONNECTED: user=62
[2026-03-21 17:21:32] WS DISCONNECTED: user_62, code=1000
[2026-03-21 17:21:32] WS DISCONNECTED: user_62, code=1000
[2026-03-21 17:21:32] WS CONNECTED: user=62
[2026-03-21 17:21:32] WS CONNECTED: user=62
[2026-03-21 17:21:36] WS DISCONNECTED: user_62, code=1000
[2026-03-21 17:21:36] WS DISCONNECTED: user_62, code=1000
[2026-03-21 17:21:36] WS CONNECTED: user=62
[2026-03-21 17:21:36] WS CONNECTED: user=62
[2026-03-21 17:21:41] WS DISCONNECTED: user_62, code=1000
[2026-03-21 17:21:41] WS DISCONNECTED: user_62, code=1000
[2026-03-21 17:21:41] WS CONNECTED: user=62
[2026-03-21 17:21:41] WS CONNECTED: user=62
[2026-03-21 17:22:33] WS DISCONNECTED: user_62, code=1000
[2026-03-21 17:22:33] WS DISCONNECTED: user_62, code=1000
[2026-03-21 17:22:33] WS CONNECTED: user=62
[2026-03-21 17:22:33] WS CONNECTED: user=62
[2026-03-21 17:23:01] WS DISCONNECTED: user_62, code=1000
[2026-03-21 17:23:01] WS DISCONNECTED: user_62, code=1000
[2026-03-21 17:23:01] WS CONNECTED: user=62
[2026-03-21 17:23:01] WS CONNECTED: user=62
[2026-03-21 17:23:39] WS DISCONNECTED: user_62, code=1000
[2026-03-21 17:23:39] WS DISCONNECTED: user_62, code=1000
[2026-03-21 17:23:40] WS CONNECTED: user=62
[2026-03-21 17:23:40] WS CONNECTED: user=62
[2026-03-21 17:24:13] WS DISCONNECTED: user_62, code=1000
[2026-03-21 17:24:13] WS DISCONNECTED: user_62, code=1000
[2026-03-21 17:24:13] WS CONNECTED: user=62
[2026-03-21 17:24:13] WS CONNECTED: user=62
[2026-03-21 17:24:27] WS DISCONNECTED: user_62, code=1000
[2026-03-21 17:24:27] WS DISCONNECTED: user_62, code=1000
[2026-03-21 17:24:27] WS CONNECTED: user=62
[2026-03-21 17:24:27] WS CONNECTED: user=62
[2026-03-21 17:25:41] WS DISCONNECTED: user_62, code=1000
[2026-03-21 17:25:41] WS DISCONNECTED: user_62, code=1000
[2026-03-21 17:25:41] WS CONNECTED: user=62
[2026-03-21 17:25:41] WS CONNECTED: user=62
[2026-03-21 17:26:02] WS DISCONNECTED: user_62, code=1000
[2026-03-21 17:26:02] WS DISCONNECTED: user_62, code=1000
[2026-03-21 17:26:02] WS CONNECTED: user=62
[2026-03-21 17:26:02] WS CONNECTED: user=62
[2026-03-21 17:26:41] WS DISCONNECTED: user_62, code=1000
[2026-03-21 17:26:41] WS DISCONNECTED: user_62, code=1000
[2026-03-21 17:26:41] WS CONNECTED: user=62
[2026-03-21 17:26:41] WS CONNECTED: user=62
[2026-03-21 17:26:54] WS DISCONNECTED: user_62, code=1000
[2026-03-21 17:26:54] WS DISCONNECTED: user_62, code=1000
[2026-03-21 17:26:54] WS CONNECTED: user=62
[2026-03-21 17:26:54] WS CONNECTED: user=62
[2026-03-21 17:26:56] WS DISCONNECTED: user_62, code=1000
[2026-03-21 17:26:56] WS DISCONNECTED: user_62, code=1000
[2026-03-21 17:26:56] WS CONNECTED: user=62
[2026-03-21 17:26:56] WS CONNECTED: user=62
[2026-03-21 17:27:40] WS DISCONNECTED: user_62, code=1000
[2026-03-21 17:27:40] WS DISCONNECTED: user_62, code=1000
[2026-03-21 17:27:41] WS CONNECTED: user=62
[2026-03-21 17:27:41] WS CONNECTED: user=62
[2026-03-21 17:27:42] WS DISCONNECTED: user_62, code=1000
[2026-03-21 17:27:42] WS DISCONNECTED: user_62, code=1000
[2026-03-21 17:27:42] WS CONNECTED: user=62
[2026-03-21 17:27:42] WS CONNECTED: user=62
[2026-03-21 17:28:09] WS DISCONNECTED: user_62, code=1000
[2026-03-21 17:28:09] WS DISCONNECTED: user_62, code=1000
[2026-03-21 17:28:09] WS CONNECTED: user=62
[2026-03-21 17:28:09] WS CONNECTED: user=62
[2026-03-21 17:28:43] WS DISCONNECTED: user_62, code=1000
[2026-03-21 17:28:43] WS DISCONNECTED: user_62, code=1000
[2026-03-21 17:28:43] WS CONNECTED: user=62
[2026-03-21 17:28:43] WS CONNECTED: user=62
[2026-03-21 17:30:58] WS DISCONNECTED: user_62, code=1000
[2026-03-21 17:30:58] WS DISCONNECTED: user_62, code=1000
[2026-03-21 17:30:58] WS CONNECTED: user=62
[2026-03-21 17:30:58] WS CONNECTED: user=62
[2026-03-21 17:31:07] WS DISCONNECTED: user_62, code=1000
[2026-03-21 17:31:07] WS DISCONNECTED: user_62, code=1000
[2026-03-21 17:31:08] WS CONNECTED: user=62
[2026-03-21 17:31:08] WS CONNECTED: user=62
[2026-03-21 17:31:29] WS DISCONNECTED: user_62, code=1000
[2026-03-21 17:31:29] WS DISCONNECTED: user_62, code=1000
[2026-03-21 17:31:29] WS CONNECTED: user=62
[2026-03-21 17:31:29] WS CONNECTED: user=62
[2026-03-21 17:32:36] WS DISCONNECTED: user_62, code=1000
[2026-03-21 17:32:36] WS DISCONNECTED: user_62, code=1000
[2026-03-21 17:32:36] WS CONNECTED: user=62
[2026-03-21 17:32:36] WS CONNECTED: user=62
[2026-03-21 17:33:22] WS DISCONNECTED: user_62, code=1000
[2026-03-21 17:33:22] WS DISCONNECTED: user_62, code=1000
[2026-03-21 17:33:22] WS CONNECTED: user=62
[2026-03-21 17:33:22] WS CONNECTED: user=62
[2026-03-21 17:38:42] WS DISCONNECTED: user_62, code=1000
[2026-03-21 17:38:42] WS DISCONNECTED: user_62, code=1000
[2026-03-21 17:38:42] WS CONNECTED: user=62
[2026-03-21 17:38:42] WS CONNECTED: user=62
[2026-03-21 17:38:49] WS DISCONNECTED: user_62, code=1000
[2026-03-21 17:38:49] WS DISCONNECTED: user_62, code=1000
[2026-03-21 17:38:50] WS CONNECTED: user=62
[2026-03-21 17:38:50] WS CONNECTED: user=62
[2026-03-21 17:39:40] WS DISCONNECTED: user_62, code=1000
[2026-03-21 17:39:40] WS DISCONNECTED: user_62, code=1000
[2026-03-21 17:39:40] WS CONNECTED: user=62
[2026-03-21 17:39:40] WS CONNECTED: user=62
[2026-03-21 17:39:51] WS DISCONNECTED: user_62, code=1000
[2026-03-21 17:39:51] WS DISCONNECTED: user_62, code=1000
[2026-03-21 17:39:51] WS CONNECTED: user=62
[2026-03-21 17:39:51] WS CONNECTED: user=62
[2026-03-21 17:39:54] WS DISCONNECTED: user_62, code=1000
[2026-03-21 17:39:54] WS DISCONNECTED: user_62, code=1000
[2026-03-21 17:39:54] WS CONNECTED: user=62
[2026-03-21 17:39:54] WS CONNECTED: user=62
[2026-03-21 17:40:26] WS DISCONNECTED: user_62, code=1000
[2026-03-21 17:40:26] WS DISCONNECTED: user_62, code=1000
[2026-03-21 17:40:26] WS CONNECTED: user=62
[2026-03-21 17:40:26] WS CONNECTED: user=62
[2026-03-21 17:40:36] WS DISCONNECTED: user_62, code=1000
[2026-03-21 17:40:36] WS DISCONNECTED: user_62, code=1000
[2026-03-21 17:40:37] WS CONNECTED: user=62
[2026-03-21 17:40:37] WS CONNECTED: user=62
[2026-03-21 17:40:55] WS DISCONNECTED: user_62, code=1000
[2026-03-21 17:40:55] WS DISCONNECTED: user_62, code=1000
[2026-03-21 17:40:55] WS CONNECTED: user=62
[2026-03-21 17:40:55] WS CONNECTED: user=62
[2026-03-21 17:45:23] WS DISCONNECTED: user_62, code=1000
[2026-03-21 17:45:23] WS DISCONNECTED: user_62, code=1000
[2026-03-21 17:45:35] WS CONNECTED: user=62
[2026-03-21 17:45:35] WS CONNECTED: user=62
[2026-03-21 18:03:11] WS DISCONNECTED: user_62, code=1000
[2026-03-21 18:03:11] WS DISCONNECTED: user_62, code=1000
[2026-03-21 18:03:11] WS CONNECTED: user=62
[2026-03-21 18:03:11] WS CONNECTED: user=62
[2026-03-21 18:03:44] WS DISCONNECTED: user_62, code=1000
[2026-03-21 18:03:44] WS DISCONNECTED: user_62, code=1000
[2026-03-21 18:03:44] WS CONNECTED: user=62
[2026-03-21 18:03:44] WS CONNECTED: user=62
[2026-03-21 19:08:39] WS DISCONNECTED: user_62, code=1006
[2026-03-21 19:08:39] WS DISCONNECTED: user_62, code=1006
[2026-03-21 21:16:30] WS DISCONNECTED: user_62, code=1006
